ERROR - 2024-06-11 01:44:31 --> mysqli_sql_exception: Unknown column 'jenis_obat.id_jenis' in 'on clause' in C:\xampp\htdocs\poliklinik-ci4\vendor\codeigniter4\framework\system\Database\MySQLi\Connection.php:306
Stack trace:
#0 C:\xampp\htdocs\poliklinik-ci4\vendor\codeigniter4\framework\system\Database\MySQLi\Connection.php(306): mysqli->query('SELECT *\nFROM `...', 0)
#1 C:\xampp\htdocs\poliklinik-ci4\vendor\codeigniter4\framework\system\Database\BaseConnection.php(693): CodeIgniter\Database\MySQLi\Connection->execute('SELECT *\nFROM `...')
#2 C:\xampp\htdocs\poliklinik-ci4\vendor\codeigniter4\framework\system\Database\BaseConnection.php(607): CodeIgniter\Database\BaseConnection->simpleQuery('SELECT *\nFROM `...')
#3 C:\xampp\htdocs\poliklinik-ci4\vendor\codeigniter4\framework\system\Database\BaseBuilder.php(1615): CodeIgniter\Database\BaseConnection->query('SELECT *\nFROM `...', Array, false)
#4 C:\xampp\htdocs\poliklinik-ci4\app\Models\ObatModel.php(19): CodeIgniter\Database\BaseBuilder->get()
#5 C:\xampp\htdocs\poliklinik-ci4\app\Controllers\KelolaObat.php(20): App\Models\ObatModel->getObat()
#6 C:\xampp\htdocs\poliklinik-ci4\vendor\codeigniter4\framework\system\CodeIgniter.php(942): App\Controllers\KelolaObat->index()
#7 C:\xampp\htdocs\poliklinik-ci4\vendor\codeigniter4\framework\system\CodeIgniter.php(502): CodeIgniter\CodeIgniter->runController(Object(App\Controllers\KelolaObat))
#8 C:\xampp\htdocs\poliklinik-ci4\vendor\codeigniter4\framework\system\CodeIgniter.php(361): CodeIgniter\CodeIgniter->handleRequest(NULL, Object(Config\Cache), false)
#9 C:\xampp\htdocs\poliklinik-ci4\public\index.php(79): CodeIgniter\CodeIgniter->run()
#10 C:\xampp\htdocs\poliklinik-ci4\vendor\codeigniter4\framework\system\Commands\Server\rewrite.php(47): require_once('C:\\xampp\\htdocs...')
#11 {main}
CRITICAL - 2024-06-11 01:44:31 --> Unknown column 'jenis_obat.id_jenis' in 'on clause'
in SYSTEMPATH\Database\BaseConnection.php on line 647.
 1 SYSTEMPATH\Database\BaseBuilder.php(1615): CodeIgniter\Database\BaseConnection->query('SELECT *
FROM `obat`
JOIN `jenis_obat` ON `jenis_obat`.`id_jenis` = `obat`.`id_jenis_obat`', [], false)
 2 APPPATH\Models\ObatModel.php(19): CodeIgniter\Database\BaseBuilder->get()
 3 APPPATH\Controllers\KelolaObat.php(20): App\Models\ObatModel->getObat()
 4 SYSTEMPATH\CodeIgniter.php(942): App\Controllers\KelolaObat->index()
 5 SYSTEMPATH\CodeIgniter.php(502): CodeIgniter\CodeIgniter->runController(Object(App\Controllers\KelolaObat))
 6 SYSTEMPATH\CodeIgniter.php(361): CodeIgniter\CodeIgniter->handleRequest(null, Object(Config\Cache), false)
 7 FCPATH\index.php(79): CodeIgniter\CodeIgniter->run()
 8 SYSTEMPATH\Commands\Server\rewrite.php(47): require_once('C:\\xampp\\htdocs\\poliklinik-ci4\\public\\index.php')
ERROR - 2024-06-11 02:01:30 --> mysqli_sql_exception: Unknown column 'obat_masuk.id_jenis' in 'on clause' in C:\xampp\htdocs\poliklinik-ci4\vendor\codeigniter4\framework\system\Database\MySQLi\Connection.php:306
Stack trace:
#0 C:\xampp\htdocs\poliklinik-ci4\vendor\codeigniter4\framework\system\Database\MySQLi\Connection.php(306): mysqli->query('SELECT *\nFROM `...', 0)
#1 C:\xampp\htdocs\poliklinik-ci4\vendor\codeigniter4\framework\system\Database\BaseConnection.php(693): CodeIgniter\Database\MySQLi\Connection->execute('SELECT *\nFROM `...')
#2 C:\xampp\htdocs\poliklinik-ci4\vendor\codeigniter4\framework\system\Database\BaseConnection.php(607): CodeIgniter\Database\BaseConnection->simpleQuery('SELECT *\nFROM `...')
#3 C:\xampp\htdocs\poliklinik-ci4\vendor\codeigniter4\framework\system\Database\BaseBuilder.php(1615): CodeIgniter\Database\BaseConnection->query('SELECT *\nFROM `...', Array, false)
#4 C:\xampp\htdocs\poliklinik-ci4\vendor\codeigniter4\framework\system\Model.php(237): CodeIgniter\Database\BaseBuilder->get()
#5 C:\xampp\htdocs\poliklinik-ci4\vendor\codeigniter4\framework\system\BaseModel.php(624): CodeIgniter\Model->doFindAll(0, 0)
#6 C:\xampp\htdocs\poliklinik-ci4\app\Controllers\ObatMasukViewController.php(24): CodeIgniter\BaseModel->findAll()
#7 C:\xampp\htdocs\poliklinik-ci4\vendor\codeigniter4\framework\system\CodeIgniter.php(942): App\Controllers\ObatMasukViewController->index()
#8 C:\xampp\htdocs\poliklinik-ci4\vendor\codeigniter4\framework\system\CodeIgniter.php(502): CodeIgniter\CodeIgniter->runController(Object(App\Controllers\ObatMasukViewController))
#9 C:\xampp\htdocs\poliklinik-ci4\vendor\codeigniter4\framework\system\CodeIgniter.php(361): CodeIgniter\CodeIgniter->handleRequest(NULL, Object(Config\Cache), false)
#10 C:\xampp\htdocs\poliklinik-ci4\public\index.php(79): CodeIgniter\CodeIgniter->run()
#11 C:\xampp\htdocs\poliklinik-ci4\vendor\codeigniter4\framework\system\Commands\Server\rewrite.php(47): require_once('C:\\xampp\\htdocs...')
#12 {main}
CRITICAL - 2024-06-11 02:01:30 --> Unknown column 'obat_masuk.id_jenis' in 'on clause'
in SYSTEMPATH\Database\BaseConnection.php on line 647.
 1 SYSTEMPATH\Database\BaseBuilder.php(1615): CodeIgniter\Database\BaseConnection->query('SELECT *
FROM `obat_masuk`
JOIN `jenis_obat` ON `obat_masuk`.`id_jenis` = `jenis_obat`.`id_obat`', [], false)
 2 SYSTEMPATH\Model.php(237): CodeIgniter\Database\BaseBuilder->get()
 3 SYSTEMPATH\BaseModel.php(624): CodeIgniter\Model->doFindAll(0, 0)
 4 APPPATH\Controllers\ObatMasukViewController.php(24): CodeIgniter\BaseModel->findAll()
 5 SYSTEMPATH\CodeIgniter.php(942): App\Controllers\ObatMasukViewController->index()
 6 SYSTEMPATH\CodeIgniter.php(502): CodeIgniter\CodeIgniter->runController(Object(App\Controllers\ObatMasukViewController))
 7 SYSTEMPATH\CodeIgniter.php(361): CodeIgniter\CodeIgniter->handleRequest(null, Object(Config\Cache), false)
 8 FCPATH\index.php(79): CodeIgniter\CodeIgniter->run()
 9 SYSTEMPATH\Commands\Server\rewrite.php(47): require_once('C:\\xampp\\htdocs\\poliklinik-ci4\\public\\index.php')
CRITICAL - 2024-06-11 02:02:43 --> Invalid file: "obat/obat-masuk/index.php"
in SYSTEMPATH\Exceptions\FrameworkException.php on line 39.
 1 SYSTEMPATH\View\View.php(216): CodeIgniter\Exceptions\FrameworkException::forInvalidFile('obat/obat-masuk/index.php')
 2 SYSTEMPATH\Common.php(1190): CodeIgniter\View\View->render('obat/obat-masuk/index', [], true)
 3 APPPATH\Controllers\ObatMasukViewController.php(29): view('obat/obat-masuk/index', [...])
 4 SYSTEMPATH\CodeIgniter.php(942): App\Controllers\ObatMasukViewController->index()
 5 SYSTEMPATH\CodeIgniter.php(502): CodeIgniter\CodeIgniter->runController(Object(App\Controllers\ObatMasukViewController))
 6 SYSTEMPATH\CodeIgniter.php(361): CodeIgniter\CodeIgniter->handleRequest(null, Object(Config\Cache), false)
 7 FCPATH\index.php(79): CodeIgniter\CodeIgniter->run()
 8 SYSTEMPATH\Commands\Server\rewrite.php(47): require_once('C:\\xampp\\htdocs\\poliklinik-ci4\\public\\index.php')
INFO - 2024-06-11 02:03:31 --> Session: Class initialized using 'CodeIgniter\Session\Handlers\FileHandler' driver.
INFO - 2024-06-11 02:03:52 --> Session: Class initialized using 'CodeIgniter\Session\Handlers\FileHandler' driver.
INFO - 2024-06-11 02:05:16 --> Session: Class initialized using 'CodeIgniter\Session\Handlers\FileHandler' driver.
CRITICAL - 2024-06-11 02:05:16 --> Undefined array key "nama_obat"
in APPPATH\Views\obat\obat-masuk\index.php on line 66.
 1 APPPATH\Views\obat\obat-masuk\index.php(66): CodeIgniter\Debug\Exceptions->errorHandler(2, 'Undefined array key "nama_obat"', 'C:\\xampp\\htdocs\\poliklinik-ci4\\app\\Views\\obat\\obat-masuk\\index.php', 66)
 2 SYSTEMPATH\View\View.php(228): include('C:\\xampp\\htdocs\\poliklinik-ci4\\app\\Views\\obat\\obat-masuk\\index.php')
 3 SYSTEMPATH\View\View.php(231): CodeIgniter\View\View->CodeIgniter\View\{closure}()
 4 SYSTEMPATH\Common.php(1190): CodeIgniter\View\View->render('obat/obat-masuk/index', [], true)
 5 APPPATH\Controllers\ObatMasukViewController.php(29): view('obat/obat-masuk/index', [...])
 6 SYSTEMPATH\CodeIgniter.php(942): App\Controllers\ObatMasukViewController->index()
 7 SYSTEMPATH\CodeIgniter.php(502): CodeIgniter\CodeIgniter->runController(Object(App\Controllers\ObatMasukViewController))
 8 SYSTEMPATH\CodeIgniter.php(361): CodeIgniter\CodeIgniter->handleRequest(null, Object(Config\Cache), false)
 9 FCPATH\index.php(79): CodeIgniter\CodeIgniter->run()
10 SYSTEMPATH\Commands\Server\rewrite.php(47): require_once('C:\\xampp\\htdocs\\poliklinik-ci4\\public\\index.php')
INFO - 2024-06-11 02:05:33 --> Session: Class initialized using 'CodeIgniter\Session\Handlers\FileHandler' driver.
INFO - 2024-06-11 02:07:32 --> Session: Class initialized using 'CodeIgniter\Session\Handlers\FileHandler' driver.
CRITICAL - 2024-06-11 02:07:32 --> Undefined variable $s
in APPPATH\Views\obat\obat-masuk\index.php on line 83.
 1 APPPATH\Views\obat\obat-masuk\index.php(83): CodeIgniter\Debug\Exceptions->errorHandler(2, 'Undefined variable $s', 'C:\\xampp\\htdocs\\poliklinik-ci4\\app\\Views\\obat\\obat-masuk\\index.php', 83)
 2 SYSTEMPATH\View\View.php(228): include('C:\\xampp\\htdocs\\poliklinik-ci4\\app\\Views\\obat\\obat-masuk\\index.php')
 3 SYSTEMPATH\View\View.php(231): CodeIgniter\View\View->CodeIgniter\View\{closure}()
 4 SYSTEMPATH\Common.php(1190): CodeIgniter\View\View->render('obat/obat-masuk/index', [], true)
 5 APPPATH\Controllers\ObatMasukViewController.php(29): view('obat/obat-masuk/index', [...])
 6 SYSTEMPATH\CodeIgniter.php(942): App\Controllers\ObatMasukViewController->index()
 7 SYSTEMPATH\CodeIgniter.php(502): CodeIgniter\CodeIgniter->runController(Object(App\Controllers\ObatMasukViewController))
 8 SYSTEMPATH\CodeIgniter.php(361): CodeIgniter\CodeIgniter->handleRequest(null, Object(Config\Cache), false)
 9 FCPATH\index.php(79): CodeIgniter\CodeIgniter->run()
10 SYSTEMPATH\Commands\Server\rewrite.php(47): require_once('C:\\xampp\\htdocs\\poliklinik-ci4\\public\\index.php')
INFO - 2024-06-11 02:07:43 --> Session: Class initialized using 'CodeIgniter\Session\Handlers\FileHandler' driver.
CRITICAL - 2024-06-11 02:07:43 --> Undefined array key "id_obat_masuk "
in APPPATH\Views\obat\obat-masuk\index.php on line 83.
 1 APPPATH\Views\obat\obat-masuk\index.php(83): CodeIgniter\Debug\Exceptions->errorHandler(2, 'Undefined array key "id_obat_masuk "', 'C:\\xampp\\htdocs\\poliklinik-ci4\\app\\Views\\obat\\obat-masuk\\index.php', 83)
 2 SYSTEMPATH\View\View.php(228): include('C:\\xampp\\htdocs\\poliklinik-ci4\\app\\Views\\obat\\obat-masuk\\index.php')
 3 SYSTEMPATH\View\View.php(231): CodeIgniter\View\View->CodeIgniter\View\{closure}()
 4 SYSTEMPATH\Common.php(1190): CodeIgniter\View\View->render('obat/obat-masuk/index', [], true)
 5 APPPATH\Controllers\ObatMasukViewController.php(29): view('obat/obat-masuk/index', [...])
 6 SYSTEMPATH\CodeIgniter.php(942): App\Controllers\ObatMasukViewController->index()
 7 SYSTEMPATH\CodeIgniter.php(502): CodeIgniter\CodeIgniter->runController(Object(App\Controllers\ObatMasukViewController))
 8 SYSTEMPATH\CodeIgniter.php(361): CodeIgniter\CodeIgniter->handleRequest(null, Object(Config\Cache), false)
 9 FCPATH\index.php(79): CodeIgniter\CodeIgniter->run()
10 SYSTEMPATH\Commands\Server\rewrite.php(47): require_once('C:\\xampp\\htdocs\\poliklinik-ci4\\public\\index.php')
INFO - 2024-06-11 02:08:09 --> Session: Class initialized using 'CodeIgniter\Session\Handlers\FileHandler' driver.
CRITICAL - 2024-06-11 02:08:09 --> Undefined array key "id_obat_masuk "
in APPPATH\Views\obat\obat-masuk\index.php on line 83.
 1 APPPATH\Views\obat\obat-masuk\index.php(83): CodeIgniter\Debug\Exceptions->errorHandler(2, 'Undefined array key "id_obat_masuk "', 'C:\\xampp\\htdocs\\poliklinik-ci4\\app\\Views\\obat\\obat-masuk\\index.php', 83)
 2 SYSTEMPATH\View\View.php(228): include('C:\\xampp\\htdocs\\poliklinik-ci4\\app\\Views\\obat\\obat-masuk\\index.php')
 3 SYSTEMPATH\View\View.php(231): CodeIgniter\View\View->CodeIgniter\View\{closure}()
 4 SYSTEMPATH\Common.php(1190): CodeIgniter\View\View->render('obat/obat-masuk/index', [], true)
 5 APPPATH\Controllers\ObatMasukViewController.php(29): view('obat/obat-masuk/index', [...])
 6 SYSTEMPATH\CodeIgniter.php(942): App\Controllers\ObatMasukViewController->index()
 7 SYSTEMPATH\CodeIgniter.php(502): CodeIgniter\CodeIgniter->runController(Object(App\Controllers\ObatMasukViewController))
 8 SYSTEMPATH\CodeIgniter.php(361): CodeIgniter\CodeIgniter->handleRequest(null, Object(Config\Cache), false)
 9 FCPATH\index.php(79): CodeIgniter\CodeIgniter->run()
10 SYSTEMPATH\Commands\Server\rewrite.php(47): require_once('C:\\xampp\\htdocs\\poliklinik-ci4\\public\\index.php')
INFO - 2024-06-11 02:08:19 --> Session: Class initialized using 'CodeIgniter\Session\Handlers\FileHandler' driver.
INFO - 2024-06-11 02:08:50 --> Session: Class initialized using 'CodeIgniter\Session\Handlers\FileHandler' driver.
INFO - 2024-06-11 02:10:03 --> Session: Class initialized using 'CodeIgniter\Session\Handlers\FileHandler' driver.
INFO - 2024-06-11 02:10:05 --> Session: Class initialized using 'CodeIgniter\Session\Handlers\FileHandler' driver.
INFO - 2024-06-11 02:13:00 --> Session: Class initialized using 'CodeIgniter\Session\Handlers\FileHandler' driver.
CRITICAL - 2024-06-11 02:13:00 --> Undefined array key "id_jenis_obat"
in APPPATH\Views\obat\obat-masuk\tambah.php on line 48.
 1 APPPATH\Views\obat\obat-masuk\tambah.php(48): CodeIgniter\Debug\Exceptions->errorHandler(2, 'Undefined array key "id_jenis_obat"', 'C:\\xampp\\htdocs\\poliklinik-ci4\\app\\Views\\obat\\obat-masuk\\tambah.php', 48)
 2 SYSTEMPATH\View\View.php(228): include('C:\\xampp\\htdocs\\poliklinik-ci4\\app\\Views\\obat\\obat-masuk\\tambah.php')
 3 SYSTEMPATH\View\View.php(231): CodeIgniter\View\View->CodeIgniter\View\{closure}()
 4 SYSTEMPATH\Common.php(1190): CodeIgniter\View\View->render('obat/obat-masuk/tambah', [], true)
 5 APPPATH\Controllers\ObatMasukViewController.php(38): view('obat/obat-masuk/tambah', [...])
 6 SYSTEMPATH\CodeIgniter.php(942): App\Controllers\ObatMasukViewController->tambah()
 7 SYSTEMPATH\CodeIgniter.php(502): CodeIgniter\CodeIgniter->runController(Object(App\Controllers\ObatMasukViewController))
 8 SYSTEMPATH\CodeIgniter.php(361): CodeIgniter\CodeIgniter->handleRequest(null, Object(Config\Cache), false)
 9 FCPATH\index.php(79): CodeIgniter\CodeIgniter->run()
10 SYSTEMPATH\Commands\Server\rewrite.php(47): require_once('C:\\xampp\\htdocs\\poliklinik-ci4\\public\\index.php')
INFO - 2024-06-11 02:13:13 --> Session: Class initialized using 'CodeIgniter\Session\Handlers\FileHandler' driver.
INFO - 2024-06-11 02:21:19 --> Session: Class initialized using 'CodeIgniter\Session\Handlers\FileHandler' driver.
CRITICAL - 2024-06-11 02:21:27 --> There is no data to insert.
in SYSTEMPATH\BaseModel.php on line 768.
 1 SYSTEMPATH\BaseModel.php(768): CodeIgniter\Database\Exceptions\DataException::forEmptyDataset('insert')
 2 SYSTEMPATH\Model.php(715): CodeIgniter\BaseModel->insert([], true)
 3 APPPATH\Controllers\ObatMasukController.php(19): CodeIgniter\Model->insert([...])
 4 SYSTEMPATH\CodeIgniter.php(942): App\Controllers\ObatMasukController->tambah()
 5 SYSTEMPATH\CodeIgniter.php(502): CodeIgniter\CodeIgniter->runController(Object(App\Controllers\ObatMasukController))
 6 SYSTEMPATH\CodeIgniter.php(361): CodeIgniter\CodeIgniter->handleRequest(null, Object(Config\Cache), false)
 7 FCPATH\index.php(79): CodeIgniter\CodeIgniter->run()
 8 SYSTEMPATH\Commands\Server\rewrite.php(47): require_once('C:\\xampp\\htdocs\\poliklinik-ci4\\public\\index.php')
INFO - 2024-06-11 02:21:29 --> Session: Class initialized using 'CodeIgniter\Session\Handlers\FileHandler' driver.
INFO - 2024-06-11 02:22:06 --> Session: Class initialized using 'CodeIgniter\Session\Handlers\FileHandler' driver.
INFO - 2024-06-11 02:22:08 --> Session: Class initialized using 'CodeIgniter\Session\Handlers\FileHandler' driver.
CRITICAL - 2024-06-11 02:22:10 --> There is no data to insert.
in SYSTEMPATH\BaseModel.php on line 768.
 1 SYSTEMPATH\BaseModel.php(768): CodeIgniter\Database\Exceptions\DataException::forEmptyDataset('insert')
 2 SYSTEMPATH\Model.php(715): CodeIgniter\BaseModel->insert([], true)
 3 APPPATH\Controllers\ObatMasukController.php(28): CodeIgniter\Model->insert([...])
 4 SYSTEMPATH\CodeIgniter.php(942): App\Controllers\ObatMasukController->tambah()
 5 SYSTEMPATH\CodeIgniter.php(502): CodeIgniter\CodeIgniter->runController(Object(App\Controllers\ObatMasukController))
 6 SYSTEMPATH\CodeIgniter.php(361): CodeIgniter\CodeIgniter->handleRequest(null, Object(Config\Cache), false)
 7 FCPATH\index.php(79): CodeIgniter\CodeIgniter->run()
 8 SYSTEMPATH\Commands\Server\rewrite.php(47): require_once('C:\\xampp\\htdocs\\poliklinik-ci4\\public\\index.php')
INFO - 2024-06-11 02:23:35 --> Session: Class initialized using 'CodeIgniter\Session\Handlers\FileHandler' driver.
INFO - 2024-06-11 02:23:37 --> Session: Class initialized using 'CodeIgniter\Session\Handlers\FileHandler' driver.
INFO - 2024-06-11 02:23:37 --> Session: Class initialized using 'CodeIgniter\Session\Handlers\FileHandler' driver.
INFO - 2024-06-11 02:23:55 --> Session: Class initialized using 'CodeIgniter\Session\Handlers\FileHandler' driver.
INFO - 2024-06-11 02:23:57 --> Session: Class initialized using 'CodeIgniter\Session\Handlers\FileHandler' driver.
INFO - 2024-06-11 02:23:57 --> Session: Class initialized using 'CodeIgniter\Session\Handlers\FileHandler' driver.
INFO - 2024-06-11 02:24:29 --> Session: Class initialized using 'CodeIgniter\Session\Handlers\FileHandler' driver.
INFO - 2024-06-11 02:24:31 --> Session: Class initialized using 'CodeIgniter\Session\Handlers\FileHandler' driver.
INFO - 2024-06-11 02:24:32 --> Session: Class initialized using 'CodeIgniter\Session\Handlers\FileHandler' driver.
INFO - 2024-06-11 02:24:35 --> Session: Class initialized using 'CodeIgniter\Session\Handlers\FileHandler' driver.
INFO - 2024-06-11 02:24:35 --> Session: Class initialized using 'CodeIgniter\Session\Handlers\FileHandler' driver.
INFO - 2024-06-11 02:25:16 --> Session: Class initialized using 'CodeIgniter\Session\Handlers\FileHandler' driver.
INFO - 2024-06-11 02:25:16 --> Session: Class initialized using 'CodeIgniter\Session\Handlers\FileHandler' driver.
INFO - 2024-06-11 02:25:20 --> Session: Class initialized using 'CodeIgniter\Session\Handlers\FileHandler' driver.
INFO - 2024-06-11 02:25:20 --> Session: Class initialized using 'CodeIgniter\Session\Handlers\FileHandler' driver.
INFO - 2024-06-11 02:27:40 --> Session: Class initialized using 'CodeIgniter\Session\Handlers\FileHandler' driver.
INFO - 2024-06-11 02:30:27 --> Session: Class initialized using 'CodeIgniter\Session\Handlers\FileHandler' driver.
INFO - 2024-06-11 02:30:39 --> Session: Class initialized using 'CodeIgniter\Session\Handlers\FileHandler' driver.
INFO - 2024-06-11 02:30:39 --> Session: Class initialized using 'CodeIgniter\Session\Handlers\FileHandler' driver.
INFO - 2024-06-11 02:32:21 --> Session: Class initialized using 'CodeIgniter\Session\Handlers\FileHandler' driver.
INFO - 2024-06-11 02:32:27 --> Session: Class initialized using 'CodeIgniter\Session\Handlers\FileHandler' driver.
INFO - 2024-06-11 02:32:27 --> Session: Class initialized using 'CodeIgniter\Session\Handlers\FileHandler' driver.
INFO - 2024-06-11 02:32:31 --> Session: Class initialized using 'CodeIgniter\Session\Handlers\FileHandler' driver.
INFO - 2024-06-11 02:32:31 --> Session: Class initialized using 'CodeIgniter\Session\Handlers\FileHandler' driver.
INFO - 2024-06-11 02:32:32 --> Session: Class initialized using 'CodeIgniter\Session\Handlers\FileHandler' driver.
INFO - 2024-06-11 02:32:59 --> Session: Class initialized using 'CodeIgniter\Session\Handlers\FileHandler' driver.
INFO - 2024-06-11 02:32:59 --> Session: Class initialized using 'CodeIgniter\Session\Handlers\FileHandler' driver.
INFO - 2024-06-11 02:39:11 --> Session: Class initialized using 'CodeIgniter\Session\Handlers\FileHandler' driver.
INFO - 2024-06-11 02:43:08 --> Session: Class initialized using 'CodeIgniter\Session\Handlers\FileHandler' driver.
INFO - 2024-06-11 02:43:13 --> Session: Class initialized using 'CodeIgniter\Session\Handlers\FileHandler' driver.
INFO - 2024-06-11 02:43:40 --> Session: Class initialized using 'CodeIgniter\Session\Handlers\FileHandler' driver.
INFO - 2024-06-11 02:43:43 --> Session: Class initialized using 'CodeIgniter\Session\Handlers\FileHandler' driver.
INFO - 2024-06-11 02:43:49 --> Session: Class initialized using 'CodeIgniter\Session\Handlers\FileHandler' driver.
INFO - 2024-06-11 02:44:00 --> Session: Class initialized using 'CodeIgniter\Session\Handlers\FileHandler' driver.
INFO - 2024-06-11 02:44:02 --> Session: Class initialized using 'CodeIgniter\Session\Handlers\FileHandler' driver.
INFO - 2024-06-11 02:44:51 --> Session: Class initialized using 'CodeIgniter\Session\Handlers\FileHandler' driver.
INFO - 2024-06-11 02:45:24 --> Session: Class initialized using 'CodeIgniter\Session\Handlers\FileHandler' driver.
ERROR - 2024-06-11 02:45:32 --> mysqli_sql_exception: Column 'tanggal_masuk' cannot be null in C:\xampp\htdocs\poliklinik-ci4\vendor\codeigniter4\framework\system\Database\MySQLi\Connection.php:306
Stack trace:
#0 C:\xampp\htdocs\poliklinik-ci4\vendor\codeigniter4\framework\system\Database\MySQLi\Connection.php(306): mysqli->query('INSERT INTO `ob...', 0)
#1 C:\xampp\htdocs\poliklinik-ci4\vendor\codeigniter4\framework\system\Database\BaseConnection.php(693): CodeIgniter\Database\MySQLi\Connection->execute('INSERT INTO `ob...')
#2 C:\xampp\htdocs\poliklinik-ci4\vendor\codeigniter4\framework\system\Database\BaseConnection.php(607): CodeIgniter\Database\BaseConnection->simpleQuery('INSERT INTO `ob...')
#3 C:\xampp\htdocs\poliklinik-ci4\vendor\codeigniter4\framework\system\Database\BaseBuilder.php(2308): CodeIgniter\Database\BaseConnection->query('INSERT INTO `ob...', Array, false)
#4 C:\xampp\htdocs\poliklinik-ci4\vendor\codeigniter4\framework\system\Model.php(319): CodeIgniter\Database\BaseBuilder->insert()
#5 C:\xampp\htdocs\poliklinik-ci4\vendor\codeigniter4\framework\system\BaseModel.php(788): CodeIgniter\Model->doInsert(Array)
#6 C:\xampp\htdocs\poliklinik-ci4\vendor\codeigniter4\framework\system\Model.php(715): CodeIgniter\BaseModel->insert(Array, true)
#7 C:\xampp\htdocs\poliklinik-ci4\app\Controllers\ObatMasukController.php(28): CodeIgniter\Model->insert(Array)
#8 C:\xampp\htdocs\poliklinik-ci4\vendor\codeigniter4\framework\system\CodeIgniter.php(942): App\Controllers\ObatMasukController->tambah()
#9 C:\xampp\htdocs\poliklinik-ci4\vendor\codeigniter4\framework\system\CodeIgniter.php(502): CodeIgniter\CodeIgniter->runController(Object(App\Controllers\ObatMasukController))
#10 C:\xampp\htdocs\poliklinik-ci4\vendor\codeigniter4\framework\system\CodeIgniter.php(361): CodeIgniter\CodeIgniter->handleRequest(NULL, Object(Config\Cache), false)
#11 C:\xampp\htdocs\poliklinik-ci4\public\index.php(79): CodeIgniter\CodeIgniter->run()
#12 C:\xampp\htdocs\poliklinik-ci4\vendor\codeigniter4\framework\system\Commands\Server\rewrite.php(47): require_once('C:\\xampp\\htdocs...')
#13 {main}
CRITICAL - 2024-06-11 02:45:32 --> Column 'tanggal_masuk' cannot be null
in SYSTEMPATH\Database\BaseConnection.php on line 647.
 1 SYSTEMPATH\Database\BaseBuilder.php(2308): CodeIgniter\Database\BaseConnection->query('INSERT INTO `obat_masuk` (`id_obat`, `tanggal_masuk`, `jumlah`, `status`, `nomina_harga`, `total_harga`, `klasifikasi`) VALUES (:id_obat:, :tanggal_masuk:, :jumlah:, :status:, :nomina_harga:, :total_harga:, :klasifikasi:)', [...], false)
 2 SYSTEMPATH\Model.php(319): CodeIgniter\Database\BaseBuilder->insert()
 3 SYSTEMPATH\BaseModel.php(788): CodeIgniter\Model->doInsert([...])
 4 SYSTEMPATH\Model.php(715): CodeIgniter\BaseModel->insert([...], true)
 5 APPPATH\Controllers\ObatMasukController.php(28): CodeIgniter\Model->insert([...])
 6 SYSTEMPATH\CodeIgniter.php(942): App\Controllers\ObatMasukController->tambah()
 7 SYSTEMPATH\CodeIgniter.php(502): CodeIgniter\CodeIgniter->runController(Object(App\Controllers\ObatMasukController))
 8 SYSTEMPATH\CodeIgniter.php(361): CodeIgniter\CodeIgniter->handleRequest(null, Object(Config\Cache), false)
 9 FCPATH\index.php(79): CodeIgniter\CodeIgniter->run()
10 SYSTEMPATH\Commands\Server\rewrite.php(47): require_once('C:\\xampp\\htdocs\\poliklinik-ci4\\public\\index.php')
INFO - 2024-06-11 02:45:57 --> Session: Class initialized using 'CodeIgniter\Session\Handlers\FileHandler' driver.
ERROR - 2024-06-11 02:46:02 --> mysqli_sql_exception: Column 'tanggal_masuk' cannot be null in C:\xampp\htdocs\poliklinik-ci4\vendor\codeigniter4\framework\system\Database\MySQLi\Connection.php:306
Stack trace:
#0 C:\xampp\htdocs\poliklinik-ci4\vendor\codeigniter4\framework\system\Database\MySQLi\Connection.php(306): mysqli->query('INSERT INTO `ob...', 0)
#1 C:\xampp\htdocs\poliklinik-ci4\vendor\codeigniter4\framework\system\Database\BaseConnection.php(693): CodeIgniter\Database\MySQLi\Connection->execute('INSERT INTO `ob...')
#2 C:\xampp\htdocs\poliklinik-ci4\vendor\codeigniter4\framework\system\Database\BaseConnection.php(607): CodeIgniter\Database\BaseConnection->simpleQuery('INSERT INTO `ob...')
#3 C:\xampp\htdocs\poliklinik-ci4\vendor\codeigniter4\framework\system\Database\BaseBuilder.php(2308): CodeIgniter\Database\BaseConnection->query('INSERT INTO `ob...', Array, false)
#4 C:\xampp\htdocs\poliklinik-ci4\vendor\codeigniter4\framework\system\Model.php(319): CodeIgniter\Database\BaseBuilder->insert()
#5 C:\xampp\htdocs\poliklinik-ci4\vendor\codeigniter4\framework\system\BaseModel.php(788): CodeIgniter\Model->doInsert(Array)
#6 C:\xampp\htdocs\poliklinik-ci4\vendor\codeigniter4\framework\system\Model.php(715): CodeIgniter\BaseModel->insert(Array, true)
#7 C:\xampp\htdocs\poliklinik-ci4\app\Controllers\ObatMasukController.php(28): CodeIgniter\Model->insert(Array)
#8 C:\xampp\htdocs\poliklinik-ci4\vendor\codeigniter4\framework\system\CodeIgniter.php(942): App\Controllers\ObatMasukController->tambah()
#9 C:\xampp\htdocs\poliklinik-ci4\vendor\codeigniter4\framework\system\CodeIgniter.php(502): CodeIgniter\CodeIgniter->runController(Object(App\Controllers\ObatMasukController))
#10 C:\xampp\htdocs\poliklinik-ci4\vendor\codeigniter4\framework\system\CodeIgniter.php(361): CodeIgniter\CodeIgniter->handleRequest(NULL, Object(Config\Cache), false)
#11 C:\xampp\htdocs\poliklinik-ci4\public\index.php(79): CodeIgniter\CodeIgniter->run()
#12 C:\xampp\htdocs\poliklinik-ci4\vendor\codeigniter4\framework\system\Commands\Server\rewrite.php(47): require_once('C:\\xampp\\htdocs...')
#13 {main}
CRITICAL - 2024-06-11 02:46:02 --> Column 'tanggal_masuk' cannot be null
in SYSTEMPATH\Database\BaseConnection.php on line 647.
 1 SYSTEMPATH\Database\BaseBuilder.php(2308): CodeIgniter\Database\BaseConnection->query('INSERT INTO `obat_masuk` (`id_obat`, `tanggal_masuk`, `jumlah`, `status`, `nomina_harga`, `total_harga`, `klasifikasi`) VALUES (:id_obat:, :tanggal_masuk:, :jumlah:, :status:, :nomina_harga:, :total_harga:, :klasifikasi:)', [...], false)
 2 SYSTEMPATH\Model.php(319): CodeIgniter\Database\BaseBuilder->insert()
 3 SYSTEMPATH\BaseModel.php(788): CodeIgniter\Model->doInsert([...])
 4 SYSTEMPATH\Model.php(715): CodeIgniter\BaseModel->insert([...], true)
 5 APPPATH\Controllers\ObatMasukController.php(28): CodeIgniter\Model->insert([...])
 6 SYSTEMPATH\CodeIgniter.php(942): App\Controllers\ObatMasukController->tambah()
 7 SYSTEMPATH\CodeIgniter.php(502): CodeIgniter\CodeIgniter->runController(Object(App\Controllers\ObatMasukController))
 8 SYSTEMPATH\CodeIgniter.php(361): CodeIgniter\CodeIgniter->handleRequest(null, Object(Config\Cache), false)
 9 FCPATH\index.php(79): CodeIgniter\CodeIgniter->run()
10 SYSTEMPATH\Commands\Server\rewrite.php(47): require_once('C:\\xampp\\htdocs\\poliklinik-ci4\\public\\index.php')
INFO - 2024-06-11 02:46:28 --> Session: Class initialized using 'CodeIgniter\Session\Handlers\FileHandler' driver.
ERROR - 2024-06-11 02:46:29 --> mysqli_sql_exception: Column 'tanggal_masuk' cannot be null in C:\xampp\htdocs\poliklinik-ci4\vendor\codeigniter4\framework\system\Database\MySQLi\Connection.php:306
Stack trace:
#0 C:\xampp\htdocs\poliklinik-ci4\vendor\codeigniter4\framework\system\Database\MySQLi\Connection.php(306): mysqli->query('INSERT INTO `ob...', 0)
#1 C:\xampp\htdocs\poliklinik-ci4\vendor\codeigniter4\framework\system\Database\BaseConnection.php(693): CodeIgniter\Database\MySQLi\Connection->execute('INSERT INTO `ob...')
#2 C:\xampp\htdocs\poliklinik-ci4\vendor\codeigniter4\framework\system\Database\BaseConnection.php(607): CodeIgniter\Database\BaseConnection->simpleQuery('INSERT INTO `ob...')
#3 C:\xampp\htdocs\poliklinik-ci4\vendor\codeigniter4\framework\system\Database\BaseBuilder.php(2308): CodeIgniter\Database\BaseConnection->query('INSERT INTO `ob...', Array, false)
#4 C:\xampp\htdocs\poliklinik-ci4\vendor\codeigniter4\framework\system\Model.php(319): CodeIgniter\Database\BaseBuilder->insert()
#5 C:\xampp\htdocs\poliklinik-ci4\vendor\codeigniter4\framework\system\BaseModel.php(788): CodeIgniter\Model->doInsert(Array)
#6 C:\xampp\htdocs\poliklinik-ci4\vendor\codeigniter4\framework\system\Model.php(715): CodeIgniter\BaseModel->insert(Array, true)
#7 C:\xampp\htdocs\poliklinik-ci4\app\Controllers\ObatMasukController.php(28): CodeIgniter\Model->insert(Array)
#8 C:\xampp\htdocs\poliklinik-ci4\vendor\codeigniter4\framework\system\CodeIgniter.php(942): App\Controllers\ObatMasukController->tambah()
#9 C:\xampp\htdocs\poliklinik-ci4\vendor\codeigniter4\framework\system\CodeIgniter.php(502): CodeIgniter\CodeIgniter->runController(Object(App\Controllers\ObatMasukController))
#10 C:\xampp\htdocs\poliklinik-ci4\vendor\codeigniter4\framework\system\CodeIgniter.php(361): CodeIgniter\CodeIgniter->handleRequest(NULL, Object(Config\Cache), false)
#11 C:\xampp\htdocs\poliklinik-ci4\public\index.php(79): CodeIgniter\CodeIgniter->run()
#12 C:\xampp\htdocs\poliklinik-ci4\vendor\codeigniter4\framework\system\Commands\Server\rewrite.php(47): require_once('C:\\xampp\\htdocs...')
#13 {main}
CRITICAL - 2024-06-11 02:46:29 --> Column 'tanggal_masuk' cannot be null
in SYSTEMPATH\Database\BaseConnection.php on line 647.
 1 SYSTEMPATH\Database\BaseBuilder.php(2308): CodeIgniter\Database\BaseConnection->query('INSERT INTO `obat_masuk` (`id_obat`, `tanggal_masuk`, `jumlah`, `status`, `nomina_harga`, `total_harga`, `klasifikasi`) VALUES (:id_obat:, :tanggal_masuk:, :jumlah:, :status:, :nomina_harga:, :total_harga:, :klasifikasi:)', [...], false)
 2 SYSTEMPATH\Model.php(319): CodeIgniter\Database\BaseBuilder->insert()
 3 SYSTEMPATH\BaseModel.php(788): CodeIgniter\Model->doInsert([...])
 4 SYSTEMPATH\Model.php(715): CodeIgniter\BaseModel->insert([...], true)
 5 APPPATH\Controllers\ObatMasukController.php(28): CodeIgniter\Model->insert([...])
 6 SYSTEMPATH\CodeIgniter.php(942): App\Controllers\ObatMasukController->tambah()
 7 SYSTEMPATH\CodeIgniter.php(502): CodeIgniter\CodeIgniter->runController(Object(App\Controllers\ObatMasukController))
 8 SYSTEMPATH\CodeIgniter.php(361): CodeIgniter\CodeIgniter->handleRequest(null, Object(Config\Cache), false)
 9 FCPATH\index.php(79): CodeIgniter\CodeIgniter->run()
10 SYSTEMPATH\Commands\Server\rewrite.php(47): require_once('C:\\xampp\\htdocs\\poliklinik-ci4\\public\\index.php')
INFO - 2024-06-11 02:46:36 --> Session: Class initialized using 'CodeIgniter\Session\Handlers\FileHandler' driver.
ERROR - 2024-06-11 02:46:38 --> mysqli_sql_exception: Column 'tanggal_masuk' cannot be null in C:\xampp\htdocs\poliklinik-ci4\vendor\codeigniter4\framework\system\Database\MySQLi\Connection.php:306
Stack trace:
#0 C:\xampp\htdocs\poliklinik-ci4\vendor\codeigniter4\framework\system\Database\MySQLi\Connection.php(306): mysqli->query('INSERT INTO `ob...', 0)
#1 C:\xampp\htdocs\poliklinik-ci4\vendor\codeigniter4\framework\system\Database\BaseConnection.php(693): CodeIgniter\Database\MySQLi\Connection->execute('INSERT INTO `ob...')
#2 C:\xampp\htdocs\poliklinik-ci4\vendor\codeigniter4\framework\system\Database\BaseConnection.php(607): CodeIgniter\Database\BaseConnection->simpleQuery('INSERT INTO `ob...')
#3 C:\xampp\htdocs\poliklinik-ci4\vendor\codeigniter4\framework\system\Database\BaseBuilder.php(2308): CodeIgniter\Database\BaseConnection->query('INSERT INTO `ob...', Array, false)
#4 C:\xampp\htdocs\poliklinik-ci4\vendor\codeigniter4\framework\system\Model.php(319): CodeIgniter\Database\BaseBuilder->insert()
#5 C:\xampp\htdocs\poliklinik-ci4\vendor\codeigniter4\framework\system\BaseModel.php(788): CodeIgniter\Model->doInsert(Array)
#6 C:\xampp\htdocs\poliklinik-ci4\vendor\codeigniter4\framework\system\Model.php(715): CodeIgniter\BaseModel->insert(Array, true)
#7 C:\xampp\htdocs\poliklinik-ci4\app\Controllers\ObatMasukController.php(28): CodeIgniter\Model->insert(Array)
#8 C:\xampp\htdocs\poliklinik-ci4\vendor\codeigniter4\framework\system\CodeIgniter.php(942): App\Controllers\ObatMasukController->tambah()
#9 C:\xampp\htdocs\poliklinik-ci4\vendor\codeigniter4\framework\system\CodeIgniter.php(502): CodeIgniter\CodeIgniter->runController(Object(App\Controllers\ObatMasukController))
#10 C:\xampp\htdocs\poliklinik-ci4\vendor\codeigniter4\framework\system\CodeIgniter.php(361): CodeIgniter\CodeIgniter->handleRequest(NULL, Object(Config\Cache), false)
#11 C:\xampp\htdocs\poliklinik-ci4\public\index.php(79): CodeIgniter\CodeIgniter->run()
#12 C:\xampp\htdocs\poliklinik-ci4\vendor\codeigniter4\framework\system\Commands\Server\rewrite.php(47): require_once('C:\\xampp\\htdocs...')
#13 {main}
CRITICAL - 2024-06-11 02:46:38 --> Column 'tanggal_masuk' cannot be null
in SYSTEMPATH\Database\BaseConnection.php on line 647.
 1 SYSTEMPATH\Database\BaseBuilder.php(2308): CodeIgniter\Database\BaseConnection->query('INSERT INTO `obat_masuk` (`id_obat`, `tanggal_masuk`, `jumlah`, `status`, `nomina_harga`, `total_harga`, `klasifikasi`) VALUES (:id_obat:, :tanggal_masuk:, :jumlah:, :status:, :nomina_harga:, :total_harga:, :klasifikasi:)', [...], false)
 2 SYSTEMPATH\Model.php(319): CodeIgniter\Database\BaseBuilder->insert()
 3 SYSTEMPATH\BaseModel.php(788): CodeIgniter\Model->doInsert([...])
 4 SYSTEMPATH\Model.php(715): CodeIgniter\BaseModel->insert([...], true)
 5 APPPATH\Controllers\ObatMasukController.php(28): CodeIgniter\Model->insert([...])
 6 SYSTEMPATH\CodeIgniter.php(942): App\Controllers\ObatMasukController->tambah()
 7 SYSTEMPATH\CodeIgniter.php(502): CodeIgniter\CodeIgniter->runController(Object(App\Controllers\ObatMasukController))
 8 SYSTEMPATH\CodeIgniter.php(361): CodeIgniter\CodeIgniter->handleRequest(null, Object(Config\Cache), false)
 9 FCPATH\index.php(79): CodeIgniter\CodeIgniter->run()
10 SYSTEMPATH\Commands\Server\rewrite.php(47): require_once('C:\\xampp\\htdocs\\poliklinik-ci4\\public\\index.php')
INFO - 2024-06-11 02:46:55 --> Session: Class initialized using 'CodeIgniter\Session\Handlers\FileHandler' driver.
INFO - 2024-06-11 02:47:14 --> Session: Class initialized using 'CodeIgniter\Session\Handlers\FileHandler' driver.
INFO - 2024-06-11 02:47:24 --> Session: Class initialized using 'CodeIgniter\Session\Handlers\FileHandler' driver.
INFO - 2024-06-11 02:47:24 --> Session: Class initialized using 'CodeIgniter\Session\Handlers\FileHandler' driver.
INFO - 2024-06-11 02:47:44 --> Session: Class initialized using 'CodeIgniter\Session\Handlers\FileHandler' driver.
INFO - 2024-06-11 02:47:48 --> Session: Class initialized using 'CodeIgniter\Session\Handlers\FileHandler' driver.
INFO - 2024-06-11 02:48:39 --> Session: Class initialized using 'CodeIgniter\Session\Handlers\FileHandler' driver.
INFO - 2024-06-11 02:48:41 --> Session: Class initialized using 'CodeIgniter\Session\Handlers\FileHandler' driver.
CRITICAL - 2024-06-11 02:48:41 --> Undefined array key "id_obat_masuk"
in APPPATH\Views\obat\obat-keluar\edit.php on line 43.
 1 APPPATH\Views\obat\obat-keluar\edit.php(43): CodeIgniter\Debug\Exceptions->errorHandler(2, 'Undefined array key "id_obat_masuk"', 'C:\\xampp\\htdocs\\poliklinik-ci4\\app\\Views\\obat\\obat-keluar\\edit.php', 43)
 2 SYSTEMPATH\View\View.php(228): include('C:\\xampp\\htdocs\\poliklinik-ci4\\app\\Views\\obat\\obat-keluar\\edit.php')
 3 SYSTEMPATH\View\View.php(231): CodeIgniter\View\View->CodeIgniter\View\{closure}()
 4 SYSTEMPATH\Common.php(1190): CodeIgniter\View\View->render('obat/obat-keluar/edit', [], true)
 5 APPPATH\Controllers\ObatKeluarViewController.php(48): view('obat/obat-keluar/edit', [...])
 6 SYSTEMPATH\CodeIgniter.php(942): App\Controllers\ObatKeluarViewController->edit('1')
 7 SYSTEMPATH\CodeIgniter.php(502): CodeIgniter\CodeIgniter->runController(Object(App\Controllers\ObatKeluarViewController))
 8 SYSTEMPATH\CodeIgniter.php(361): CodeIgniter\CodeIgniter->handleRequest(null, Object(Config\Cache), false)
 9 FCPATH\index.php(79): CodeIgniter\CodeIgniter->run()
10 SYSTEMPATH\Commands\Server\rewrite.php(47): require_once('C:\\xampp\\htdocs\\poliklinik-ci4\\public\\index.php')
INFO - 2024-06-11 02:51:45 --> Session: Class initialized using 'CodeIgniter\Session\Handlers\FileHandler' driver.
INFO - 2024-06-11 02:52:05 --> Session: Class initialized using 'CodeIgniter\Session\Handlers\FileHandler' driver.
INFO - 2024-06-11 02:52:13 --> Session: Class initialized using 'CodeIgniter\Session\Handlers\FileHandler' driver.
INFO - 2024-06-11 02:52:14 --> Session: Class initialized using 'CodeIgniter\Session\Handlers\FileHandler' driver.
INFO - 2024-06-11 02:52:21 --> Session: Class initialized using 'CodeIgniter\Session\Handlers\FileHandler' driver.
INFO - 2024-06-11 02:52:22 --> Session: Class initialized using 'CodeIgniter\Session\Handlers\FileHandler' driver.
INFO - 2024-06-11 02:52:24 --> Session: Class initialized using 'CodeIgniter\Session\Handlers\FileHandler' driver.
INFO - 2024-06-11 02:52:29 --> Session: Class initialized using 'CodeIgniter\Session\Handlers\FileHandler' driver.
INFO - 2024-06-11 02:52:29 --> Session: Class initialized using 'CodeIgniter\Session\Handlers\FileHandler' driver.
INFO - 2024-06-11 02:57:21 --> Session: Class initialized using 'CodeIgniter\Session\Handlers\FileHandler' driver.
INFO - 2024-06-11 02:57:27 --> Session: Class initialized using 'CodeIgniter\Session\Handlers\FileHandler' driver.
INFO - 2024-06-11 02:57:42 --> Session: Class initialized using 'CodeIgniter\Session\Handlers\FileHandler' driver.
INFO - 2024-06-11 02:57:48 --> Session: Class initialized using 'CodeIgniter\Session\Handlers\FileHandler' driver.
INFO - 2024-06-11 02:57:57 --> Session: Class initialized using 'CodeIgniter\Session\Handlers\FileHandler' driver.
INFO - 2024-06-11 02:59:01 --> Session: Class initialized using 'CodeIgniter\Session\Handlers\FileHandler' driver.
INFO - 2024-06-11 02:59:23 --> Session: Class initialized using 'CodeIgniter\Session\Handlers\FileHandler' driver.
INFO - 2024-06-11 03:05:14 --> Session: Class initialized using 'CodeIgniter\Session\Handlers\FileHandler' driver.
INFO - 2024-06-11 03:05:25 --> Session: Class initialized using 'CodeIgniter\Session\Handlers\FileHandler' driver.
INFO - 2024-06-11 03:08:27 --> Session: Class initialized using 'CodeIgniter\Session\Handlers\FileHandler' driver.
INFO - 2024-06-11 03:08:58 --> Session: Class initialized using 'CodeIgniter\Session\Handlers\FileHandler' driver.
INFO - 2024-06-11 03:10:43 --> Session: Class initialized using 'CodeIgniter\Session\Handlers\FileHandler' driver.
CRITICAL - 2024-06-11 03:10:43 --> Undefined variable $obat_masuk
in APPPATH\Views\obat\obat-masuk\index.php on line 59.
 1 APPPATH\Views\obat\obat-masuk\index.php(59): CodeIgniter\Debug\Exceptions->errorHandler(2, 'Undefined variable $obat_masuk', 'C:\\xampp\\htdocs\\poliklinik-ci4\\app\\Views\\obat\\obat-masuk\\index.php', 59)
 2 SYSTEMPATH\View\View.php(228): include('C:\\xampp\\htdocs\\poliklinik-ci4\\app\\Views\\obat\\obat-masuk\\index.php')
 3 SYSTEMPATH\View\View.php(231): CodeIgniter\View\View->CodeIgniter\View\{closure}()
 4 SYSTEMPATH\Common.php(1190): CodeIgniter\View\View->render('obat/obat-masuk/index', [], true)
 5 APPPATH\Controllers\JenisObatViewController.php(22): view('obat/obat-masuk/index', [...])
 6 SYSTEMPATH\CodeIgniter.php(942): App\Controllers\JenisObatViewController->index()
 7 SYSTEMPATH\CodeIgniter.php(502): CodeIgniter\CodeIgniter->runController(Object(App\Controllers\JenisObatViewController))
 8 SYSTEMPATH\CodeIgniter.php(361): CodeIgniter\CodeIgniter->handleRequest(null, Object(Config\Cache), false)
 9 FCPATH\index.php(79): CodeIgniter\CodeIgniter->run()
10 SYSTEMPATH\Commands\Server\rewrite.php(47): require_once('C:\\xampp\\htdocs\\poliklinik-ci4\\public\\index.php')
INFO - 2024-06-11 03:20:47 --> Session: Class initialized using 'CodeIgniter\Session\Handlers\FileHandler' driver.
INFO - 2024-06-11 03:20:51 --> Session: Class initialized using 'CodeIgniter\Session\Handlers\FileHandler' driver.
CRITICAL - 2024-06-11 03:20:51 --> Undefined variable $obat_masuk
in APPPATH\Views\obat\obat-masuk\index.php on line 59.
 1 APPPATH\Views\obat\obat-masuk\index.php(59): CodeIgniter\Debug\Exceptions->errorHandler(2, 'Undefined variable $obat_masuk', 'C:\\xampp\\htdocs\\poliklinik-ci4\\app\\Views\\obat\\obat-masuk\\index.php', 59)
 2 SYSTEMPATH\View\View.php(228): include('C:\\xampp\\htdocs\\poliklinik-ci4\\app\\Views\\obat\\obat-masuk\\index.php')
 3 SYSTEMPATH\View\View.php(231): CodeIgniter\View\View->CodeIgniter\View\{closure}()
 4 SYSTEMPATH\Common.php(1190): CodeIgniter\View\View->render('obat/obat-masuk/index', [], true)
 5 APPPATH\Controllers\JenisObatViewController.php(22): view('obat/obat-masuk/index', [...])
 6 SYSTEMPATH\CodeIgniter.php(942): App\Controllers\JenisObatViewController->index()
 7 SYSTEMPATH\CodeIgniter.php(502): CodeIgniter\CodeIgniter->runController(Object(App\Controllers\JenisObatViewController))
 8 SYSTEMPATH\CodeIgniter.php(361): CodeIgniter\CodeIgniter->handleRequest(null, Object(Config\Cache), false)
 9 FCPATH\index.php(79): CodeIgniter\CodeIgniter->run()
10 SYSTEMPATH\Commands\Server\rewrite.php(47): require_once('C:\\xampp\\htdocs\\poliklinik-ci4\\public\\index.php')
INFO - 2024-06-11 03:21:36 --> Session: Class initialized using 'CodeIgniter\Session\Handlers\FileHandler' driver.
INFO - 2024-06-11 03:21:42 --> Session: Class initialized using 'CodeIgniter\Session\Handlers\FileHandler' driver.
INFO - 2024-06-11 03:21:48 --> Session: Class initialized using 'CodeIgniter\Session\Handlers\FileHandler' driver.
INFO - 2024-06-11 03:21:51 --> Session: Class initialized using 'CodeIgniter\Session\Handlers\FileHandler' driver.
CRITICAL - 2024-06-11 03:21:51 --> Undefined variable $data
in APPPATH\Views\obat\jenis-obat\edit.php on line 43.
 1 APPPATH\Views\obat\jenis-obat\edit.php(43): CodeIgniter\Debug\Exceptions->errorHandler(2, 'Undefined variable $data', 'C:\\xampp\\htdocs\\poliklinik-ci4\\app\\Views\\obat\\jenis-obat\\edit.php', 43)
 2 SYSTEMPATH\View\View.php(228): include('C:\\xampp\\htdocs\\poliklinik-ci4\\app\\Views\\obat\\jenis-obat\\edit.php')
 3 SYSTEMPATH\View\View.php(231): CodeIgniter\View\View->CodeIgniter\View\{closure}()
 4 SYSTEMPATH\Common.php(1190): CodeIgniter\View\View->render('obat/jenis-obat/edit', [], true)
 5 APPPATH\Controllers\JenisObatViewController.php(38): view('obat/jenis-obat/edit', [...])
 6 SYSTEMPATH\CodeIgniter.php(942): App\Controllers\JenisObatViewController->edit('2')
 7 SYSTEMPATH\CodeIgniter.php(502): CodeIgniter\CodeIgniter->runController(Object(App\Controllers\JenisObatViewController))
 8 SYSTEMPATH\CodeIgniter.php(361): CodeIgniter\CodeIgniter->handleRequest(null, Object(Config\Cache), false)
 9 FCPATH\index.php(79): CodeIgniter\CodeIgniter->run()
10 SYSTEMPATH\Commands\Server\rewrite.php(47): require_once('C:\\xampp\\htdocs\\poliklinik-ci4\\public\\index.php')
INFO - 2024-06-11 03:22:42 --> Session: Class initialized using 'CodeIgniter\Session\Handlers\FileHandler' driver.
INFO - 2024-06-11 03:22:44 --> Session: Class initialized using 'CodeIgniter\Session\Handlers\FileHandler' driver.
CRITICAL - 2024-06-11 03:22:44 --> Undefined variable $data
in APPPATH\Views\obat\jenis-obat\edit.php on line 43.
 1 APPPATH\Views\obat\jenis-obat\edit.php(43): CodeIgniter\Debug\Exceptions->errorHandler(2, 'Undefined variable $data', 'C:\\xampp\\htdocs\\poliklinik-ci4\\app\\Views\\obat\\jenis-obat\\edit.php', 43)
 2 SYSTEMPATH\View\View.php(228): include('C:\\xampp\\htdocs\\poliklinik-ci4\\app\\Views\\obat\\jenis-obat\\edit.php')
 3 SYSTEMPATH\View\View.php(231): CodeIgniter\View\View->CodeIgniter\View\{closure}()
 4 SYSTEMPATH\Common.php(1190): CodeIgniter\View\View->render('obat/jenis-obat/edit', [], true)
 5 APPPATH\Controllers\JenisObatViewController.php(38): view('obat/jenis-obat/edit', [...])
 6 SYSTEMPATH\CodeIgniter.php(942): App\Controllers\JenisObatViewController->edit('2')
 7 SYSTEMPATH\CodeIgniter.php(502): CodeIgniter\CodeIgniter->runController(Object(App\Controllers\JenisObatViewController))
 8 SYSTEMPATH\CodeIgniter.php(361): CodeIgniter\CodeIgniter->handleRequest(null, Object(Config\Cache), false)
 9 FCPATH\index.php(79): CodeIgniter\CodeIgniter->run()
10 SYSTEMPATH\Commands\Server\rewrite.php(47): require_once('C:\\xampp\\htdocs\\poliklinik-ci4\\public\\index.php')
ERROR - 2024-06-11 03:23:04 --> mysqli_sql_exception: Unknown column 'jenis_obat.id_jenis_obat' in 'where clause' in C:\xampp\htdocs\poliklinik-ci4\vendor\codeigniter4\framework\system\Database\MySQLi\Connection.php:306
Stack trace:
#0 C:\xampp\htdocs\poliklinik-ci4\vendor\codeigniter4\framework\system\Database\MySQLi\Connection.php(306): mysqli->query('SELECT *\nFROM `...', 0)
#1 C:\xampp\htdocs\poliklinik-ci4\vendor\codeigniter4\framework\system\Database\BaseConnection.php(693): CodeIgniter\Database\MySQLi\Connection->execute('SELECT *\nFROM `...')
#2 C:\xampp\htdocs\poliklinik-ci4\vendor\codeigniter4\framework\system\Database\BaseConnection.php(607): CodeIgniter\Database\BaseConnection->simpleQuery('SELECT *\nFROM `...')
#3 C:\xampp\htdocs\poliklinik-ci4\vendor\codeigniter4\framework\system\Database\BaseBuilder.php(1615): CodeIgniter\Database\BaseConnection->query('SELECT *\nFROM `...', Array, false)
#4 C:\xampp\htdocs\poliklinik-ci4\vendor\codeigniter4\framework\system\Model.php(196): CodeIgniter\Database\BaseBuilder->get()
#5 C:\xampp\htdocs\poliklinik-ci4\vendor\codeigniter4\framework\system\BaseModel.php(563): CodeIgniter\Model->doFind(true, '2')
#6 C:\xampp\htdocs\poliklinik-ci4\app\Controllers\JenisObatViewController.php(37): CodeIgniter\BaseModel->find('2')
#7 C:\xampp\htdocs\poliklinik-ci4\vendor\codeigniter4\framework\system\CodeIgniter.php(942): App\Controllers\JenisObatViewController->edit('2')
#8 C:\xampp\htdocs\poliklinik-ci4\vendor\codeigniter4\framework\system\CodeIgniter.php(502): CodeIgniter\CodeIgniter->runController(Object(App\Controllers\JenisObatViewController))
#9 C:\xampp\htdocs\poliklinik-ci4\vendor\codeigniter4\framework\system\CodeIgniter.php(361): CodeIgniter\CodeIgniter->handleRequest(NULL, Object(Config\Cache), false)
#10 C:\xampp\htdocs\poliklinik-ci4\public\index.php(79): CodeIgniter\CodeIgniter->run()
#11 C:\xampp\htdocs\poliklinik-ci4\vendor\codeigniter4\framework\system\Commands\Server\rewrite.php(47): require_once('C:\\xampp\\htdocs...')
#12 {main}
CRITICAL - 2024-06-11 03:23:04 --> Unknown column 'jenis_obat.id_jenis_obat' in 'where clause'
in SYSTEMPATH\Database\BaseConnection.php on line 647.
 1 SYSTEMPATH\Database\BaseBuilder.php(1615): CodeIgniter\Database\BaseConnection->query('SELECT *
FROM `jenis_obat`
WHERE `jenis_obat`.`id_jenis_obat` = :jenis_obat.id_jenis_obat:', [...], false)
 2 SYSTEMPATH\Model.php(196): CodeIgniter\Database\BaseBuilder->get()
 3 SYSTEMPATH\BaseModel.php(563): CodeIgniter\Model->doFind(true, '2')
 4 APPPATH\Controllers\JenisObatViewController.php(37): CodeIgniter\BaseModel->find('2')
 5 SYSTEMPATH\CodeIgniter.php(942): App\Controllers\JenisObatViewController->edit('2')
 6 SYSTEMPATH\CodeIgniter.php(502): CodeIgniter\CodeIgniter->runController(Object(App\Controllers\JenisObatViewController))
 7 SYSTEMPATH\CodeIgniter.php(361): CodeIgniter\CodeIgniter->handleRequest(null, Object(Config\Cache), false)
 8 FCPATH\index.php(79): CodeIgniter\CodeIgniter->run()
 9 SYSTEMPATH\Commands\Server\rewrite.php(47): require_once('C:\\xampp\\htdocs\\poliklinik-ci4\\public\\index.php')
ERROR - 2024-06-11 03:24:44 --> mysqli_sql_exception: Unknown column 'jenis_obat.id_jenis_obat' in 'where clause' in C:\xampp\htdocs\poliklinik-ci4\vendor\codeigniter4\framework\system\Database\MySQLi\Connection.php:306
Stack trace:
#0 C:\xampp\htdocs\poliklinik-ci4\vendor\codeigniter4\framework\system\Database\MySQLi\Connection.php(306): mysqli->query('SELECT *\nFROM `...', 0)
#1 C:\xampp\htdocs\poliklinik-ci4\vendor\codeigniter4\framework\system\Database\BaseConnection.php(693): CodeIgniter\Database\MySQLi\Connection->execute('SELECT *\nFROM `...')
#2 C:\xampp\htdocs\poliklinik-ci4\vendor\codeigniter4\framework\system\Database\BaseConnection.php(607): CodeIgniter\Database\BaseConnection->simpleQuery('SELECT *\nFROM `...')
#3 C:\xampp\htdocs\poliklinik-ci4\vendor\codeigniter4\framework\system\Database\BaseBuilder.php(1615): CodeIgniter\Database\BaseConnection->query('SELECT *\nFROM `...', Array, false)
#4 C:\xampp\htdocs\poliklinik-ci4\vendor\codeigniter4\framework\system\Model.php(196): CodeIgniter\Database\BaseBuilder->get()
#5 C:\xampp\htdocs\poliklinik-ci4\vendor\codeigniter4\framework\system\BaseModel.php(563): CodeIgniter\Model->doFind(true, '2')
#6 C:\xampp\htdocs\poliklinik-ci4\app\Controllers\JenisObatViewController.php(37): CodeIgniter\BaseModel->find('2')
#7 C:\xampp\htdocs\poliklinik-ci4\vendor\codeigniter4\framework\system\CodeIgniter.php(942): App\Controllers\JenisObatViewController->edit('2')
#8 C:\xampp\htdocs\poliklinik-ci4\vendor\codeigniter4\framework\system\CodeIgniter.php(502): CodeIgniter\CodeIgniter->runController(Object(App\Controllers\JenisObatViewController))
#9 C:\xampp\htdocs\poliklinik-ci4\vendor\codeigniter4\framework\system\CodeIgniter.php(361): CodeIgniter\CodeIgniter->handleRequest(NULL, Object(Config\Cache), false)
#10 C:\xampp\htdocs\poliklinik-ci4\public\index.php(79): CodeIgniter\CodeIgniter->run()
#11 C:\xampp\htdocs\poliklinik-ci4\vendor\codeigniter4\framework\system\Commands\Server\rewrite.php(47): require_once('C:\\xampp\\htdocs...')
#12 {main}
CRITICAL - 2024-06-11 03:24:44 --> Unknown column 'jenis_obat.id_jenis_obat' in 'where clause'
in SYSTEMPATH\Database\BaseConnection.php on line 647.
 1 SYSTEMPATH\Database\BaseBuilder.php(1615): CodeIgniter\Database\BaseConnection->query('SELECT *
FROM `jenis_obat`
WHERE `jenis_obat`.`id_jenis_obat` = :jenis_obat.id_jenis_obat:', [...], false)
 2 SYSTEMPATH\Model.php(196): CodeIgniter\Database\BaseBuilder->get()
 3 SYSTEMPATH\BaseModel.php(563): CodeIgniter\Model->doFind(true, '2')
 4 APPPATH\Controllers\JenisObatViewController.php(37): CodeIgniter\BaseModel->find('2')
 5 SYSTEMPATH\CodeIgniter.php(942): App\Controllers\JenisObatViewController->edit('2')
 6 SYSTEMPATH\CodeIgniter.php(502): CodeIgniter\CodeIgniter->runController(Object(App\Controllers\JenisObatViewController))
 7 SYSTEMPATH\CodeIgniter.php(361): CodeIgniter\CodeIgniter->handleRequest(null, Object(Config\Cache), false)
 8 FCPATH\index.php(79): CodeIgniter\CodeIgniter->run()
 9 SYSTEMPATH\Commands\Server\rewrite.php(47): require_once('C:\\xampp\\htdocs\\poliklinik-ci4\\public\\index.php')
CRITICAL - 2024-06-11 03:25:14 --> Call to undefined method App\Models\JenisObatModel::getResult
in SYSTEMPATH\Model.php on line 873.
 1 APPPATH\Controllers\JenisObatViewController.php(37): CodeIgniter\Model->__call('getResult', [])
 2 SYSTEMPATH\CodeIgniter.php(942): App\Controllers\JenisObatViewController->edit('2')
 3 SYSTEMPATH\CodeIgniter.php(502): CodeIgniter\CodeIgniter->runController(Object(App\Controllers\JenisObatViewController))
 4 SYSTEMPATH\CodeIgniter.php(361): CodeIgniter\CodeIgniter->handleRequest(null, Object(Config\Cache), false)
 5 FCPATH\index.php(79): CodeIgniter\CodeIgniter->run()
 6 SYSTEMPATH\Commands\Server\rewrite.php(47): require_once('C:\\xampp\\htdocs\\poliklinik-ci4\\public\\index.php')
INFO - 2024-06-11 03:25:27 --> Session: Class initialized using 'CodeIgniter\Session\Handlers\FileHandler' driver.
CRITICAL - 2024-06-11 03:25:27 --> Undefined array key "id_obat"
in APPPATH\Views\obat\jenis-obat\edit.php on line 43.
 1 APPPATH\Views\obat\jenis-obat\edit.php(43): CodeIgniter\Debug\Exceptions->errorHandler(2, 'Undefined array key "id_obat"', 'C:\\xampp\\htdocs\\poliklinik-ci4\\app\\Views\\obat\\jenis-obat\\edit.php', 43)
 2 SYSTEMPATH\View\View.php(228): include('C:\\xampp\\htdocs\\poliklinik-ci4\\app\\Views\\obat\\jenis-obat\\edit.php')
 3 SYSTEMPATH\View\View.php(231): CodeIgniter\View\View->CodeIgniter\View\{closure}()
 4 SYSTEMPATH\Common.php(1190): CodeIgniter\View\View->render('obat/jenis-obat/edit', [], true)
 5 APPPATH\Controllers\JenisObatViewController.php(39): view('obat/jenis-obat/edit', [...])
 6 SYSTEMPATH\CodeIgniter.php(942): App\Controllers\JenisObatViewController->edit('2')
 7 SYSTEMPATH\CodeIgniter.php(502): CodeIgniter\CodeIgniter->runController(Object(App\Controllers\JenisObatViewController))
 8 SYSTEMPATH\CodeIgniter.php(361): CodeIgniter\CodeIgniter->handleRequest(null, Object(Config\Cache), false)
 9 FCPATH\index.php(79): CodeIgniter\CodeIgniter->run()
10 SYSTEMPATH\Commands\Server\rewrite.php(47): require_once('C:\\xampp\\htdocs\\poliklinik-ci4\\public\\index.php')
INFO - 2024-06-11 03:26:04 --> Session: Class initialized using 'CodeIgniter\Session\Handlers\FileHandler' driver.
ERROR - 2024-06-11 03:26:28 --> mysqli_sql_exception: Unknown column 'jenis_obat.id_jenis_obat' in 'where clause' in C:\xampp\htdocs\poliklinik-ci4\vendor\codeigniter4\framework\system\Database\MySQLi\Connection.php:306
Stack trace:
#0 C:\xampp\htdocs\poliklinik-ci4\vendor\codeigniter4\framework\system\Database\MySQLi\Connection.php(306): mysqli->query('SELECT *\nFROM `...', 0)
#1 C:\xampp\htdocs\poliklinik-ci4\vendor\codeigniter4\framework\system\Database\BaseConnection.php(693): CodeIgniter\Database\MySQLi\Connection->execute('SELECT *\nFROM `...')
#2 C:\xampp\htdocs\poliklinik-ci4\vendor\codeigniter4\framework\system\Database\BaseConnection.php(607): CodeIgniter\Database\BaseConnection->simpleQuery('SELECT *\nFROM `...')
#3 C:\xampp\htdocs\poliklinik-ci4\vendor\codeigniter4\framework\system\Database\BaseBuilder.php(1615): CodeIgniter\Database\BaseConnection->query('SELECT *\nFROM `...', Array, false)
#4 C:\xampp\htdocs\poliklinik-ci4\vendor\codeigniter4\framework\system\Model.php(196): CodeIgniter\Database\BaseBuilder->get()
#5 C:\xampp\htdocs\poliklinik-ci4\vendor\codeigniter4\framework\system\BaseModel.php(563): CodeIgniter\Model->doFind(true, '2')
#6 C:\xampp\htdocs\poliklinik-ci4\app\Controllers\JenisObatViewController.php(37): CodeIgniter\BaseModel->find('2')
#7 C:\xampp\htdocs\poliklinik-ci4\vendor\codeigniter4\framework\system\CodeIgniter.php(942): App\Controllers\JenisObatViewController->edit('2')
#8 C:\xampp\htdocs\poliklinik-ci4\vendor\codeigniter4\framework\system\CodeIgniter.php(502): CodeIgniter\CodeIgniter->runController(Object(App\Controllers\JenisObatViewController))
#9 C:\xampp\htdocs\poliklinik-ci4\vendor\codeigniter4\framework\system\CodeIgniter.php(361): CodeIgniter\CodeIgniter->handleRequest(NULL, Object(Config\Cache), false)
#10 C:\xampp\htdocs\poliklinik-ci4\public\index.php(79): CodeIgniter\CodeIgniter->run()
#11 C:\xampp\htdocs\poliklinik-ci4\vendor\codeigniter4\framework\system\Commands\Server\rewrite.php(47): require_once('C:\\xampp\\htdocs...')
#12 {main}
CRITICAL - 2024-06-11 03:26:28 --> Unknown column 'jenis_obat.id_jenis_obat' in 'where clause'
in SYSTEMPATH\Database\BaseConnection.php on line 647.
 1 SYSTEMPATH\Database\BaseBuilder.php(1615): CodeIgniter\Database\BaseConnection->query('SELECT *
FROM `jenis_obat`
WHERE `jenis_obat`.`id_jenis_obat` = :jenis_obat.id_jenis_obat:', [...], false)
 2 SYSTEMPATH\Model.php(196): CodeIgniter\Database\BaseBuilder->get()
 3 SYSTEMPATH\BaseModel.php(563): CodeIgniter\Model->doFind(true, '2')
 4 APPPATH\Controllers\JenisObatViewController.php(37): CodeIgniter\BaseModel->find('2')
 5 SYSTEMPATH\CodeIgniter.php(942): App\Controllers\JenisObatViewController->edit('2')
 6 SYSTEMPATH\CodeIgniter.php(502): CodeIgniter\CodeIgniter->runController(Object(App\Controllers\JenisObatViewController))
 7 SYSTEMPATH\CodeIgniter.php(361): CodeIgniter\CodeIgniter->handleRequest(null, Object(Config\Cache), false)
 8 FCPATH\index.php(79): CodeIgniter\CodeIgniter->run()
 9 SYSTEMPATH\Commands\Server\rewrite.php(47): require_once('C:\\xampp\\htdocs\\poliklinik-ci4\\public\\index.php')
INFO - 2024-06-11 03:26:42 --> Session: Class initialized using 'CodeIgniter\Session\Handlers\FileHandler' driver.
INFO - 2024-06-11 03:26:45 --> Session: Class initialized using 'CodeIgniter\Session\Handlers\FileHandler' driver.
INFO - 2024-06-11 03:26:47 --> Session: Class initialized using 'CodeIgniter\Session\Handlers\FileHandler' driver.
INFO - 2024-06-11 03:26:49 --> Session: Class initialized using 'CodeIgniter\Session\Handlers\FileHandler' driver.
INFO - 2024-06-11 03:26:51 --> Session: Class initialized using 'CodeIgniter\Session\Handlers\FileHandler' driver.
INFO - 2024-06-11 03:27:05 --> Session: Class initialized using 'CodeIgniter\Session\Handlers\FileHandler' driver.
INFO - 2024-06-11 03:27:10 --> Session: Class initialized using 'CodeIgniter\Session\Handlers\FileHandler' driver.
INFO - 2024-06-11 03:34:10 --> Session: Class initialized using 'CodeIgniter\Session\Handlers\FileHandler' driver.
INFO - 2024-06-11 03:34:14 --> Session: Class initialized using 'CodeIgniter\Session\Handlers\FileHandler' driver.
INFO - 2024-06-11 03:34:17 --> Session: Class initialized using 'CodeIgniter\Session\Handlers\FileHandler' driver.
INFO - 2024-06-11 03:34:21 --> Session: Class initialized using 'CodeIgniter\Session\Handlers\FileHandler' driver.
INFO - 2024-06-11 03:34:22 --> Session: Class initialized using 'CodeIgniter\Session\Handlers\FileHandler' driver.
INFO - 2024-06-11 03:34:25 --> Session: Class initialized using 'CodeIgniter\Session\Handlers\FileHandler' driver.
INFO - 2024-06-11 03:35:27 --> Session: Class initialized using 'CodeIgniter\Session\Handlers\FileHandler' driver.
INFO - 2024-06-11 03:39:47 --> Session: Class initialized using 'CodeIgniter\Session\Handlers\FileHandler' driver.
INFO - 2024-06-11 03:41:03 --> Session: Class initialized using 'CodeIgniter\Session\Handlers\FileHandler' driver.
INFO - 2024-06-11 03:43:21 --> Session: Class initialized using 'CodeIgniter\Session\Handlers\FileHandler' driver.
CRITICAL - 2024-06-11 03:43:21 --> Undefined array key "id_jenis"
in APPPATH\Views\obat\kelola-obat\tambah.php on line 68.
 1 APPPATH\Views\obat\kelola-obat\tambah.php(68): CodeIgniter\Debug\Exceptions->errorHandler(2, 'Undefined array key "id_jenis"', 'C:\\xampp\\htdocs\\poliklinik-ci4\\app\\Views\\obat\\kelola-obat\\tambah.php', 68)
 2 SYSTEMPATH\View\View.php(228): include('C:\\xampp\\htdocs\\poliklinik-ci4\\app\\Views\\obat\\kelola-obat\\tambah.php')
 3 SYSTEMPATH\View\View.php(231): CodeIgniter\View\View->CodeIgniter\View\{closure}()
 4 SYSTEMPATH\Common.php(1190): CodeIgniter\View\View->render('obat/kelola-obat/tambah', [], true)
 5 APPPATH\Controllers\KelolaObatViewController.php(35): view('obat/kelola-obat/tambah', [...])
 6 SYSTEMPATH\CodeIgniter.php(942): App\Controllers\KelolaObatViewController->tambah()
 7 SYSTEMPATH\CodeIgniter.php(502): CodeIgniter\CodeIgniter->runController(Object(App\Controllers\KelolaObatViewController))
 8 SYSTEMPATH\CodeIgniter.php(361): CodeIgniter\CodeIgniter->handleRequest(null, Object(Config\Cache), false)
 9 FCPATH\index.php(79): CodeIgniter\CodeIgniter->run()
10 SYSTEMPATH\Commands\Server\rewrite.php(47): require_once('C:\\xampp\\htdocs\\poliklinik-ci4\\public\\index.php')
INFO - 2024-06-11 03:43:33 --> Session: Class initialized using 'CodeIgniter\Session\Handlers\FileHandler' driver.
INFO - 2024-06-11 03:47:56 --> Session: Class initialized using 'CodeIgniter\Session\Handlers\FileHandler' driver.
INFO - 2024-06-11 03:48:06 --> Session: Class initialized using 'CodeIgniter\Session\Handlers\FileHandler' driver.
INFO - 2024-06-11 03:48:13 --> Session: Class initialized using 'CodeIgniter\Session\Handlers\FileHandler' driver.
INFO - 2024-06-11 03:48:18 --> Session: Class initialized using 'CodeIgniter\Session\Handlers\FileHandler' driver.
INFO - 2024-06-11 03:48:42 --> Session: Class initialized using 'CodeIgniter\Session\Handlers\FileHandler' driver.
INFO - 2024-06-11 03:48:44 --> Session: Class initialized using 'CodeIgniter\Session\Handlers\FileHandler' driver.
INFO - 2024-06-11 03:48:47 --> Session: Class initialized using 'CodeIgniter\Session\Handlers\FileHandler' driver.
INFO - 2024-06-11 03:48:55 --> Session: Class initialized using 'CodeIgniter\Session\Handlers\FileHandler' driver.
INFO - 2024-06-11 03:48:57 --> Session: Class initialized using 'CodeIgniter\Session\Handlers\FileHandler' driver.
INFO - 2024-06-11 03:49:01 --> Session: Class initialized using 'CodeIgniter\Session\Handlers\FileHandler' driver.
INFO - 2024-06-11 03:49:04 --> Session: Class initialized using 'CodeIgniter\Session\Handlers\FileHandler' driver.
INFO - 2024-06-11 03:49:06 --> Session: Class initialized using 'CodeIgniter\Session\Handlers\FileHandler' driver.
INFO - 2024-06-11 03:49:10 --> Session: Class initialized using 'CodeIgniter\Session\Handlers\FileHandler' driver.
INFO - 2024-06-11 03:49:15 --> Session: Class initialized using 'CodeIgniter\Session\Handlers\FileHandler' driver.
INFO - 2024-06-11 03:49:17 --> Session: Class initialized using 'CodeIgniter\Session\Handlers\FileHandler' driver.
INFO - 2024-06-11 03:49:36 --> Session: Class initialized using 'CodeIgniter\Session\Handlers\FileHandler' driver.
INFO - 2024-06-11 03:49:53 --> Session: Class initialized using 'CodeIgniter\Session\Handlers\FileHandler' driver.
INFO - 2024-06-11 03:49:55 --> Session: Class initialized using 'CodeIgniter\Session\Handlers\FileHandler' driver.
INFO - 2024-06-11 03:50:15 --> Session: Class initialized using 'CodeIgniter\Session\Handlers\FileHandler' driver.
INFO - 2024-06-11 03:50:16 --> Session: Class initialized using 'CodeIgniter\Session\Handlers\FileHandler' driver.
INFO - 2024-06-11 03:50:32 --> Session: Class initialized using 'CodeIgniter\Session\Handlers\FileHandler' driver.
INFO - 2024-06-11 03:50:34 --> Session: Class initialized using 'CodeIgniter\Session\Handlers\FileHandler' driver.
CRITICAL - 2024-06-11 03:50:34 --> Trying to access array offset on value of type null
in APPPATH\Views\obat\kelola-obat\edit.php on line 43.
 1 APPPATH\Views\obat\kelola-obat\edit.php(43): CodeIgniter\Debug\Exceptions->errorHandler(2, 'Trying to access array offset on value of type null', 'C:\\xampp\\htdocs\\poliklinik-ci4\\app\\Views\\obat\\kelola-obat\\edit.php', 43)
 2 SYSTEMPATH\View\View.php(228): include('C:\\xampp\\htdocs\\poliklinik-ci4\\app\\Views\\obat\\kelola-obat\\edit.php')
 3 SYSTEMPATH\View\View.php(231): CodeIgniter\View\View->CodeIgniter\View\{closure}()
 4 SYSTEMPATH\Common.php(1190): CodeIgniter\View\View->render('obat/kelola-obat/edit', [], true)
 5 APPPATH\Controllers\KelolaObatViewController.php(45): view('obat/kelola-obat/edit', [...])
 6 SYSTEMPATH\CodeIgniter.php(942): App\Controllers\KelolaObatViewController->edit('1')
 7 SYSTEMPATH\CodeIgniter.php(502): CodeIgniter\CodeIgniter->runController(Object(App\Controllers\KelolaObatViewController))
 8 SYSTEMPATH\CodeIgniter.php(361): CodeIgniter\CodeIgniter->handleRequest(null, Object(Config\Cache), false)
 9 FCPATH\index.php(79): CodeIgniter\CodeIgniter->run()
10 SYSTEMPATH\Commands\Server\rewrite.php(47): require_once('C:\\xampp\\htdocs\\poliklinik-ci4\\public\\index.php')
INFO - 2024-06-11 03:51:46 --> Session: Class initialized using 'CodeIgniter\Session\Handlers\FileHandler' driver.
CRITICAL - 2024-06-11 03:51:46 --> Undefined variable $obat
in APPPATH\Views\obat\kelola-obat\edit.php on line 43.
 1 APPPATH\Views\obat\kelola-obat\edit.php(43): CodeIgniter\Debug\Exceptions->errorHandler(2, 'Undefined variable $obat', 'C:\\xampp\\htdocs\\poliklinik-ci4\\app\\Views\\obat\\kelola-obat\\edit.php', 43)
 2 SYSTEMPATH\View\View.php(228): include('C:\\xampp\\htdocs\\poliklinik-ci4\\app\\Views\\obat\\kelola-obat\\edit.php')
 3 SYSTEMPATH\View\View.php(231): CodeIgniter\View\View->CodeIgniter\View\{closure}()
 4 SYSTEMPATH\Common.php(1190): CodeIgniter\View\View->render('obat/kelola-obat/edit', [], true)
 5 APPPATH\Controllers\KelolaObatViewController.php(45): view('obat/kelola-obat/edit', [...])
 6 SYSTEMPATH\CodeIgniter.php(942): App\Controllers\KelolaObatViewController->edit('1')
 7 SYSTEMPATH\CodeIgniter.php(502): CodeIgniter\CodeIgniter->runController(Object(App\Controllers\KelolaObatViewController))
 8 SYSTEMPATH\CodeIgniter.php(361): CodeIgniter\CodeIgniter->handleRequest(null, Object(Config\Cache), false)
 9 FCPATH\index.php(79): CodeIgniter\CodeIgniter->run()
10 SYSTEMPATH\Commands\Server\rewrite.php(47): require_once('C:\\xampp\\htdocs\\poliklinik-ci4\\public\\index.php')
INFO - 2024-06-11 03:51:57 --> Session: Class initialized using 'CodeIgniter\Session\Handlers\FileHandler' driver.
CRITICAL - 2024-06-11 03:51:57 --> Trying to access array offset on value of type null
in APPPATH\Views\obat\kelola-obat\edit.php on line 43.
 1 APPPATH\Views\obat\kelola-obat\edit.php(43): CodeIgniter\Debug\Exceptions->errorHandler(2, 'Trying to access array offset on value of type null', 'C:\\xampp\\htdocs\\poliklinik-ci4\\app\\Views\\obat\\kelola-obat\\edit.php', 43)
 2 SYSTEMPATH\View\View.php(228): include('C:\\xampp\\htdocs\\poliklinik-ci4\\app\\Views\\obat\\kelola-obat\\edit.php')
 3 SYSTEMPATH\View\View.php(231): CodeIgniter\View\View->CodeIgniter\View\{closure}()
 4 SYSTEMPATH\Common.php(1190): CodeIgniter\View\View->render('obat/kelola-obat/edit', [], true)
 5 APPPATH\Controllers\KelolaObatViewController.php(45): view('obat/kelola-obat/edit', [...])
 6 SYSTEMPATH\CodeIgniter.php(942): App\Controllers\KelolaObatViewController->edit('1')
 7 SYSTEMPATH\CodeIgniter.php(502): CodeIgniter\CodeIgniter->runController(Object(App\Controllers\KelolaObatViewController))
 8 SYSTEMPATH\CodeIgniter.php(361): CodeIgniter\CodeIgniter->handleRequest(null, Object(Config\Cache), false)
 9 FCPATH\index.php(79): CodeIgniter\CodeIgniter->run()
10 SYSTEMPATH\Commands\Server\rewrite.php(47): require_once('C:\\xampp\\htdocs\\poliklinik-ci4\\public\\index.php')
INFO - 2024-06-11 03:51:59 --> Session: Class initialized using 'CodeIgniter\Session\Handlers\FileHandler' driver.
CRITICAL - 2024-06-11 03:51:59 --> Trying to access array offset on value of type null
in APPPATH\Views\obat\kelola-obat\edit.php on line 43.
 1 APPPATH\Views\obat\kelola-obat\edit.php(43): CodeIgniter\Debug\Exceptions->errorHandler(2, 'Trying to access array offset on value of type null', 'C:\\xampp\\htdocs\\poliklinik-ci4\\app\\Views\\obat\\kelola-obat\\edit.php', 43)
 2 SYSTEMPATH\View\View.php(228): include('C:\\xampp\\htdocs\\poliklinik-ci4\\app\\Views\\obat\\kelola-obat\\edit.php')
 3 SYSTEMPATH\View\View.php(231): CodeIgniter\View\View->CodeIgniter\View\{closure}()
 4 SYSTEMPATH\Common.php(1190): CodeIgniter\View\View->render('obat/kelola-obat/edit', [], true)
 5 APPPATH\Controllers\KelolaObatViewController.php(45): view('obat/kelola-obat/edit', [...])
 6 SYSTEMPATH\CodeIgniter.php(942): App\Controllers\KelolaObatViewController->edit('1')
 7 SYSTEMPATH\CodeIgniter.php(502): CodeIgniter\CodeIgniter->runController(Object(App\Controllers\KelolaObatViewController))
 8 SYSTEMPATH\CodeIgniter.php(361): CodeIgniter\CodeIgniter->handleRequest(null, Object(Config\Cache), false)
 9 FCPATH\index.php(79): CodeIgniter\CodeIgniter->run()
10 SYSTEMPATH\Commands\Server\rewrite.php(47): require_once('C:\\xampp\\htdocs\\poliklinik-ci4\\public\\index.php')
CRITICAL - 2024-06-11 03:53:17 --> Undefined variable $data
in APPPATH\Views\obat\kelola-obat\edit.php on line 2.
 1 APPPATH\Views\obat\kelola-obat\edit.php(2): CodeIgniter\Debug\Exceptions->errorHandler(2, 'Undefined variable $data', 'C:\\xampp\\htdocs\\poliklinik-ci4\\app\\Views\\obat\\kelola-obat\\edit.php', 2)
 2 SYSTEMPATH\View\View.php(228): include('C:\\xampp\\htdocs\\poliklinik-ci4\\app\\Views\\obat\\kelola-obat\\edit.php')
 3 SYSTEMPATH\View\View.php(231): CodeIgniter\View\View->CodeIgniter\View\{closure}()
 4 SYSTEMPATH\Common.php(1190): CodeIgniter\View\View->render('obat/kelola-obat/edit', [], true)
 5 APPPATH\Controllers\KelolaObatViewController.php(45): view('obat/kelola-obat/edit', [...])
 6 SYSTEMPATH\CodeIgniter.php(942): App\Controllers\KelolaObatViewController->edit('1')
 7 SYSTEMPATH\CodeIgniter.php(502): CodeIgniter\CodeIgniter->runController(Object(App\Controllers\KelolaObatViewController))
 8 SYSTEMPATH\CodeIgniter.php(361): CodeIgniter\CodeIgniter->handleRequest(null, Object(Config\Cache), false)
 9 FCPATH\index.php(79): CodeIgniter\CodeIgniter->run()
10 SYSTEMPATH\Commands\Server\rewrite.php(47): require_once('C:\\xampp\\htdocs\\poliklinik-ci4\\public\\index.php')
CRITICAL - 2024-06-11 03:54:07 --> Invalid file: "obat/kelola-obat/tampilan/edit.php"
in SYSTEMPATH\Exceptions\FrameworkException.php on line 39.
 1 SYSTEMPATH\View\View.php(216): CodeIgniter\Exceptions\FrameworkException::forInvalidFile('obat/kelola-obat/tampilan/edit.php')
 2 SYSTEMPATH\Common.php(1190): CodeIgniter\View\View->render('obat/kelola-obat/tampilan/edit', [], true)
 3 APPPATH\Controllers\KelolaObatViewController.php(45): view('obat/kelola-obat/tampilan/edit', [...])
 4 SYSTEMPATH\CodeIgniter.php(942): App\Controllers\KelolaObatViewController->edit('1')
 5 SYSTEMPATH\CodeIgniter.php(502): CodeIgniter\CodeIgniter->runController(Object(App\Controllers\KelolaObatViewController))
 6 SYSTEMPATH\CodeIgniter.php(361): CodeIgniter\CodeIgniter->handleRequest(null, Object(Config\Cache), false)
 7 FCPATH\index.php(79): CodeIgniter\CodeIgniter->run()
 8 SYSTEMPATH\Commands\Server\rewrite.php(47): require_once('C:\\xampp\\htdocs\\poliklinik-ci4\\public\\index.php')
INFO - 2024-06-11 03:54:43 --> Session: Class initialized using 'CodeIgniter\Session\Handlers\FileHandler' driver.
INFO - 2024-06-11 03:54:49 --> Session: Class initialized using 'CodeIgniter\Session\Handlers\FileHandler' driver.
INFO - 2024-06-11 03:56:58 --> Session: Class initialized using 'CodeIgniter\Session\Handlers\FileHandler' driver.
CRITICAL - 2024-06-11 03:56:58 --> Undefined array key "obat"
in APPPATH\Views\obat\kelola-obat\index.php on line 69.
 1 APPPATH\Views\obat\kelola-obat\index.php(69): CodeIgniter\Debug\Exceptions->errorHandler(2, 'Undefined array key "obat"', 'C:\\xampp\\htdocs\\poliklinik-ci4\\app\\Views\\obat\\kelola-obat\\index.php', 69)
 2 SYSTEMPATH\View\View.php(228): include('C:\\xampp\\htdocs\\poliklinik-ci4\\app\\Views\\obat\\kelola-obat\\index.php')
 3 SYSTEMPATH\View\View.php(231): CodeIgniter\View\View->CodeIgniter\View\{closure}()
 4 SYSTEMPATH\Common.php(1190): CodeIgniter\View\View->render('obat/kelola-obat/index', [], true)
 5 APPPATH\Controllers\KelolaObatViewController.php(26): view('obat/kelola-obat/index', [...])
 6 SYSTEMPATH\CodeIgniter.php(942): App\Controllers\KelolaObatViewController->index()
 7 SYSTEMPATH\CodeIgniter.php(502): CodeIgniter\CodeIgniter->runController(Object(App\Controllers\KelolaObatViewController))
 8 SYSTEMPATH\CodeIgniter.php(361): CodeIgniter\CodeIgniter->handleRequest(null, Object(Config\Cache), false)
 9 FCPATH\index.php(79): CodeIgniter\CodeIgniter->run()
10 SYSTEMPATH\Commands\Server\rewrite.php(47): require_once('C:\\xampp\\htdocs\\poliklinik-ci4\\public\\index.php')
INFO - 2024-06-11 03:57:05 --> Session: Class initialized using 'CodeIgniter\Session\Handlers\FileHandler' driver.
INFO - 2024-06-11 03:57:30 --> Session: Class initialized using 'CodeIgniter\Session\Handlers\FileHandler' driver.
INFO - 2024-06-11 03:58:34 --> Session: Class initialized using 'CodeIgniter\Session\Handlers\FileHandler' driver.
CRITICAL - 2024-06-11 03:58:34 --> Undefined array key 0
in APPPATH\Views\obat\kelola-obat\index.php on line 69.
 1 APPPATH\Views\obat\kelola-obat\index.php(69): CodeIgniter\Debug\Exceptions->errorHandler(2, 'Undefined array key 0', 'C:\\xampp\\htdocs\\poliklinik-ci4\\app\\Views\\obat\\kelola-obat\\index.php', 69)
 2 SYSTEMPATH\View\View.php(228): include('C:\\xampp\\htdocs\\poliklinik-ci4\\app\\Views\\obat\\kelola-obat\\index.php')
 3 SYSTEMPATH\View\View.php(231): CodeIgniter\View\View->CodeIgniter\View\{closure}()
 4 SYSTEMPATH\Common.php(1190): CodeIgniter\View\View->render('obat/kelola-obat/index', [], true)
 5 APPPATH\Controllers\KelolaObatViewController.php(26): view('obat/kelola-obat/index', [...])
 6 SYSTEMPATH\CodeIgniter.php(942): App\Controllers\KelolaObatViewController->index()
 7 SYSTEMPATH\CodeIgniter.php(502): CodeIgniter\CodeIgniter->runController(Object(App\Controllers\KelolaObatViewController))
 8 SYSTEMPATH\CodeIgniter.php(361): CodeIgniter\CodeIgniter->handleRequest(null, Object(Config\Cache), false)
 9 FCPATH\index.php(79): CodeIgniter\CodeIgniter->run()
10 SYSTEMPATH\Commands\Server\rewrite.php(47): require_once('C:\\xampp\\htdocs\\poliklinik-ci4\\public\\index.php')
INFO - 2024-06-11 03:59:34 --> Session: Class initialized using 'CodeIgniter\Session\Handlers\FileHandler' driver.
CRITICAL - 2024-06-11 03:59:34 --> Undefined array key "jenis_obat"
in APPPATH\Views\obat\kelola-obat\index.php on line 67.
 1 APPPATH\Views\obat\kelola-obat\index.php(67): CodeIgniter\Debug\Exceptions->errorHandler(2, 'Undefined array key "jenis_obat"', 'C:\\xampp\\htdocs\\poliklinik-ci4\\app\\Views\\obat\\kelola-obat\\index.php', 67)
 2 SYSTEMPATH\View\View.php(228): include('C:\\xampp\\htdocs\\poliklinik-ci4\\app\\Views\\obat\\kelola-obat\\index.php')
 3 SYSTEMPATH\View\View.php(231): CodeIgniter\View\View->CodeIgniter\View\{closure}()
 4 SYSTEMPATH\Common.php(1190): CodeIgniter\View\View->render('obat/kelola-obat/index', [], true)
 5 APPPATH\Controllers\KelolaObatViewController.php(28): view('obat/kelola-obat/index', [...])
 6 SYSTEMPATH\CodeIgniter.php(942): App\Controllers\KelolaObatViewController->index()
 7 SYSTEMPATH\CodeIgniter.php(502): CodeIgniter\CodeIgniter->runController(Object(App\Controllers\KelolaObatViewController))
 8 SYSTEMPATH\CodeIgniter.php(361): CodeIgniter\CodeIgniter->handleRequest(null, Object(Config\Cache), false)
 9 FCPATH\index.php(79): CodeIgniter\CodeIgniter->run()
10 SYSTEMPATH\Commands\Server\rewrite.php(47): require_once('C:\\xampp\\htdocs\\poliklinik-ci4\\public\\index.php')
INFO - 2024-06-11 03:59:54 --> Session: Class initialized using 'CodeIgniter\Session\Handlers\FileHandler' driver.
INFO - 2024-06-11 04:00:36 --> Session: Class initialized using 'CodeIgniter\Session\Handlers\FileHandler' driver.
CRITICAL - 2024-06-11 04:00:36 --> Undefined array key "id_jenis"
in APPPATH\Views\obat\kelola-obat\edit.php on line 68.
 1 APPPATH\Views\obat\kelola-obat\edit.php(68): CodeIgniter\Debug\Exceptions->errorHandler(2, 'Undefined array key "id_jenis"', 'C:\\xampp\\htdocs\\poliklinik-ci4\\app\\Views\\obat\\kelola-obat\\edit.php', 68)
 2 SYSTEMPATH\View\View.php(228): include('C:\\xampp\\htdocs\\poliklinik-ci4\\app\\Views\\obat\\kelola-obat\\edit.php')
 3 SYSTEMPATH\View\View.php(231): CodeIgniter\View\View->CodeIgniter\View\{closure}()
 4 SYSTEMPATH\Common.php(1190): CodeIgniter\View\View->render('obat/kelola-obat/edit', [], true)
 5 APPPATH\Controllers\KelolaObatViewController.php(47): view('obat/kelola-obat/edit', [...])
 6 SYSTEMPATH\CodeIgniter.php(942): App\Controllers\KelolaObatViewController->edit('2')
 7 SYSTEMPATH\CodeIgniter.php(502): CodeIgniter\CodeIgniter->runController(Object(App\Controllers\KelolaObatViewController))
 8 SYSTEMPATH\CodeIgniter.php(361): CodeIgniter\CodeIgniter->handleRequest(null, Object(Config\Cache), false)
 9 FCPATH\index.php(79): CodeIgniter\CodeIgniter->run()
10 SYSTEMPATH\Commands\Server\rewrite.php(47): require_once('C:\\xampp\\htdocs\\poliklinik-ci4\\public\\index.php')
INFO - 2024-06-11 04:00:52 --> Session: Class initialized using 'CodeIgniter\Session\Handlers\FileHandler' driver.
CRITICAL - 2024-06-11 04:00:52 --> Undefined array key "id_jenis"
in APPPATH\Views\obat\kelola-obat\edit.php on line 68.
 1 APPPATH\Views\obat\kelola-obat\edit.php(68): CodeIgniter\Debug\Exceptions->errorHandler(2, 'Undefined array key "id_jenis"', 'C:\\xampp\\htdocs\\poliklinik-ci4\\app\\Views\\obat\\kelola-obat\\edit.php', 68)
 2 SYSTEMPATH\View\View.php(228): include('C:\\xampp\\htdocs\\poliklinik-ci4\\app\\Views\\obat\\kelola-obat\\edit.php')
 3 SYSTEMPATH\View\View.php(231): CodeIgniter\View\View->CodeIgniter\View\{closure}()
 4 SYSTEMPATH\Common.php(1190): CodeIgniter\View\View->render('obat/kelola-obat/edit', [], true)
 5 APPPATH\Controllers\KelolaObatViewController.php(47): view('obat/kelola-obat/edit', [...])
 6 SYSTEMPATH\CodeIgniter.php(942): App\Controllers\KelolaObatViewController->edit('2')
 7 SYSTEMPATH\CodeIgniter.php(502): CodeIgniter\CodeIgniter->runController(Object(App\Controllers\KelolaObatViewController))
 8 SYSTEMPATH\CodeIgniter.php(361): CodeIgniter\CodeIgniter->handleRequest(null, Object(Config\Cache), false)
 9 FCPATH\index.php(79): CodeIgniter\CodeIgniter->run()
10 SYSTEMPATH\Commands\Server\rewrite.php(47): require_once('C:\\xampp\\htdocs\\poliklinik-ci4\\public\\index.php')
INFO - 2024-06-11 04:01:02 --> Session: Class initialized using 'CodeIgniter\Session\Handlers\FileHandler' driver.
INFO - 2024-06-11 04:01:28 --> Session: Class initialized using 'CodeIgniter\Session\Handlers\FileHandler' driver.
INFO - 2024-06-11 04:01:31 --> Session: Class initialized using 'CodeIgniter\Session\Handlers\FileHandler' driver.
INFO - 2024-06-11 04:01:34 --> Session: Class initialized using 'CodeIgniter\Session\Handlers\FileHandler' driver.
INFO - 2024-06-11 04:01:36 --> Session: Class initialized using 'CodeIgniter\Session\Handlers\FileHandler' driver.
INFO - 2024-06-11 04:01:39 --> Session: Class initialized using 'CodeIgniter\Session\Handlers\FileHandler' driver.
INFO - 2024-06-11 04:01:41 --> Session: Class initialized using 'CodeIgniter\Session\Handlers\FileHandler' driver.
INFO - 2024-06-11 04:01:50 --> Session: Class initialized using 'CodeIgniter\Session\Handlers\FileHandler' driver.
INFO - 2024-06-11 04:01:52 --> Session: Class initialized using 'CodeIgniter\Session\Handlers\FileHandler' driver.
INFO - 2024-06-11 04:06:18 --> Session: Class initialized using 'CodeIgniter\Session\Handlers\FileHandler' driver.
INFO - 2024-06-11 04:06:21 --> Session: Class initialized using 'CodeIgniter\Session\Handlers\FileHandler' driver.
INFO - 2024-06-11 04:06:36 --> Session: Class initialized using 'CodeIgniter\Session\Handlers\FileHandler' driver.
INFO - 2024-06-11 04:06:43 --> Session: Class initialized using 'CodeIgniter\Session\Handlers\FileHandler' driver.
INFO - 2024-06-11 04:06:56 --> Session: Class initialized using 'CodeIgniter\Session\Handlers\FileHandler' driver.
INFO - 2024-06-11 04:07:21 --> Session: Class initialized using 'CodeIgniter\Session\Handlers\FileHandler' driver.
INFO - 2024-06-11 04:07:25 --> Session: Class initialized using 'CodeIgniter\Session\Handlers\FileHandler' driver.
INFO - 2024-06-11 04:07:40 --> Session: Class initialized using 'CodeIgniter\Session\Handlers\FileHandler' driver.
INFO - 2024-06-11 04:07:46 --> Session: Class initialized using 'CodeIgniter\Session\Handlers\FileHandler' driver.
INFO - 2024-06-11 04:07:46 --> Session: Class initialized using 'CodeIgniter\Session\Handlers\FileHandler' driver.
INFO - 2024-06-11 04:07:51 --> Session: Class initialized using 'CodeIgniter\Session\Handlers\FileHandler' driver.
CRITICAL - 2024-06-11 04:07:51 --> Undefined variable $keuangan
in APPPATH\Views\keuangan\pengeluaran\edit.php on line 48.
 1 APPPATH\Views\keuangan\pengeluaran\edit.php(48): CodeIgniter\Debug\Exceptions->errorHandler(2, 'Undefined variable $keuangan', 'C:\\xampp\\htdocs\\poliklinik-ci4\\app\\Views\\keuangan\\pengeluaran\\edit.php', 48)
 2 SYSTEMPATH\View\View.php(228): include('C:\\xampp\\htdocs\\poliklinik-ci4\\app\\Views\\keuangan\\pengeluaran\\edit.php')
 3 SYSTEMPATH\View\View.php(231): CodeIgniter\View\View->CodeIgniter\View\{closure}()
 4 SYSTEMPATH\Common.php(1190): CodeIgniter\View\View->render('keuangan/pengeluaran/edit', [], true)
 5 APPPATH\Controllers\PengeluaranViewController.php(48): view('keuangan/pengeluaran/edit', [...])
 6 SYSTEMPATH\CodeIgniter.php(942): App\Controllers\PengeluaranViewController->edit('2')
 7 SYSTEMPATH\CodeIgniter.php(502): CodeIgniter\CodeIgniter->runController(Object(App\Controllers\PengeluaranViewController))
 8 SYSTEMPATH\CodeIgniter.php(361): CodeIgniter\CodeIgniter->handleRequest(null, Object(Config\Cache), false)
 9 FCPATH\index.php(79): CodeIgniter\CodeIgniter->run()
10 SYSTEMPATH\Commands\Server\rewrite.php(47): require_once('C:\\xampp\\htdocs\\poliklinik-ci4\\public\\index.php')
INFO - 2024-06-11 04:08:11 --> Session: Class initialized using 'CodeIgniter\Session\Handlers\FileHandler' driver.
CRITICAL - 2024-06-11 04:08:11 --> Undefined variable $jenisobat
in APPPATH\Views\keuangan\pengeluaran\edit.php on line 60.
 1 APPPATH\Views\keuangan\pengeluaran\edit.php(60): CodeIgniter\Debug\Exceptions->errorHandler(2, 'Undefined variable $jenisobat', 'C:\\xampp\\htdocs\\poliklinik-ci4\\app\\Views\\keuangan\\pengeluaran\\edit.php', 60)
 2 SYSTEMPATH\View\View.php(228): include('C:\\xampp\\htdocs\\poliklinik-ci4\\app\\Views\\keuangan\\pengeluaran\\edit.php')
 3 SYSTEMPATH\View\View.php(231): CodeIgniter\View\View->CodeIgniter\View\{closure}()
 4 SYSTEMPATH\Common.php(1190): CodeIgniter\View\View->render('keuangan/pengeluaran/edit', [], true)
 5 APPPATH\Controllers\PengeluaranViewController.php(49): view('keuangan/pengeluaran/edit', [...])
 6 SYSTEMPATH\CodeIgniter.php(942): App\Controllers\PengeluaranViewController->edit('2')
 7 SYSTEMPATH\CodeIgniter.php(502): CodeIgniter\CodeIgniter->runController(Object(App\Controllers\PengeluaranViewController))
 8 SYSTEMPATH\CodeIgniter.php(361): CodeIgniter\CodeIgniter->handleRequest(null, Object(Config\Cache), false)
 9 FCPATH\index.php(79): CodeIgniter\CodeIgniter->run()
10 SYSTEMPATH\Commands\Server\rewrite.php(47): require_once('C:\\xampp\\htdocs\\poliklinik-ci4\\public\\index.php')
INFO - 2024-06-11 04:08:40 --> Session: Class initialized using 'CodeIgniter\Session\Handlers\FileHandler' driver.
INFO - 2024-06-11 04:09:02 --> Session: Class initialized using 'CodeIgniter\Session\Handlers\FileHandler' driver.
INFO - 2024-06-11 04:09:05 --> Session: Class initialized using 'CodeIgniter\Session\Handlers\FileHandler' driver.
INFO - 2024-06-11 04:09:09 --> Session: Class initialized using 'CodeIgniter\Session\Handlers\FileHandler' driver.
INFO - 2024-06-11 04:09:09 --> Session: Class initialized using 'CodeIgniter\Session\Handlers\FileHandler' driver.
INFO - 2024-06-11 04:09:11 --> Session: Class initialized using 'CodeIgniter\Session\Handlers\FileHandler' driver.
INFO - 2024-06-11 04:09:13 --> Session: Class initialized using 'CodeIgniter\Session\Handlers\FileHandler' driver.
INFO - 2024-06-11 04:09:15 --> Session: Class initialized using 'CodeIgniter\Session\Handlers\FileHandler' driver.
INFO - 2024-06-11 04:09:15 --> Session: Class initialized using 'CodeIgniter\Session\Handlers\FileHandler' driver.
INFO - 2024-06-11 04:09:17 --> Session: Class initialized using 'CodeIgniter\Session\Handlers\FileHandler' driver.
INFO - 2024-06-11 04:09:24 --> Session: Class initialized using 'CodeIgniter\Session\Handlers\FileHandler' driver.
INFO - 2024-06-11 04:09:25 --> Session: Class initialized using 'CodeIgniter\Session\Handlers\FileHandler' driver.
INFO - 2024-06-11 04:09:43 --> Session: Class initialized using 'CodeIgniter\Session\Handlers\FileHandler' driver.
INFO - 2024-06-11 04:09:45 --> Session: Class initialized using 'CodeIgniter\Session\Handlers\FileHandler' driver.
INFO - 2024-06-11 04:11:10 --> Session: Class initialized using 'CodeIgniter\Session\Handlers\FileHandler' driver.
INFO - 2024-06-11 04:12:22 --> Session: Class initialized using 'CodeIgniter\Session\Handlers\FileHandler' driver.
