CRITICAL - 2024-06-04 00:08:12 --> Invalid file: "supplier/index.php"
in SYSTEMPATH\Exceptions\FrameworkException.php on line 39.
 1 SYSTEMPATH\View\View.php(216): CodeIgniter\Exceptions\FrameworkException::forInvalidFile('supplier/index.php')
 2 SYSTEMPATH\Common.php(1190): CodeIgniter\View\View->render('supplier/index', [], true)
 3 APPPATH\Controllers\KelolaSupplier.php(21): view('supplier/index', [...])
 4 SYSTEMPATH\CodeIgniter.php(942): App\Controllers\KelolaSupplier->index()
 5 SYSTEMPATH\CodeIgniter.php(502): CodeIgniter\CodeIgniter->runController(Object(App\Controllers\KelolaSupplier))
 6 SYSTEMPATH\CodeIgniter.php(361): CodeIgniter\CodeIgniter->handleRequest(null, Object(Config\Cache), false)
 7 FCPATH\index.php(79): CodeIgniter\CodeIgniter->run()
 8 SYSTEMPATH\Commands\Server\rewrite.php(47): require_once('C:\\xampp\\htdocs\\poliklinik-ci4\\public\\index.php')
INFO - 2024-06-04 00:14:36 --> Session: Class initialized using 'CodeIgniter\Session\Handlers\FileHandler' driver.
CRITICAL - 2024-06-04 00:14:36 --> Undefined array key "id_jenis"
in APPPATH\Views\jenis_obat\index.php on line 67.
 1 APPPATH\Views\jenis_obat\index.php(67): CodeIgniter\Debug\Exceptions->errorHandler(2, 'Undefined array key "id_jenis"', 'C:\\xampp\\htdocs\\poliklinik-ci4\\app\\Views\\jenis_obat\\index.php', 67)
 2 SYSTEMPATH\View\View.php(228): include('C:\\xampp\\htdocs\\poliklinik-ci4\\app\\Views\\jenis_obat\\index.php')
 3 SYSTEMPATH\View\View.php(231): CodeIgniter\View\View->CodeIgniter\View\{closure}()
 4 SYSTEMPATH\Common.php(1190): CodeIgniter\View\View->render('jenis_obat/index', [], true)
 5 APPPATH\Controllers\JenisObat.php(24): view('jenis_obat/index', [...])
 6 SYSTEMPATH\CodeIgniter.php(942): App\Controllers\JenisObat->index()
 7 SYSTEMPATH\CodeIgniter.php(502): CodeIgniter\CodeIgniter->runController(Object(App\Controllers\JenisObat))
 8 SYSTEMPATH\CodeIgniter.php(361): CodeIgniter\CodeIgniter->handleRequest(null, Object(Config\Cache), false)
 9 FCPATH\index.php(79): CodeIgniter\CodeIgniter->run()
10 SYSTEMPATH\Commands\Server\rewrite.php(47): require_once('C:\\xampp\\htdocs\\poliklinik-ci4\\public\\index.php')
ERROR - 2024-06-04 00:14:42 --> mysqli_sql_exception: Unknown column 'jenis_obat.id_jenis' in 'on clause' in C:\xampp\htdocs\poliklinik-ci4\vendor\codeigniter4\framework\system\Database\MySQLi\Connection.php:306
Stack trace:
#0 C:\xampp\htdocs\poliklinik-ci4\vendor\codeigniter4\framework\system\Database\MySQLi\Connection.php(306): mysqli->query('SELECT *\nFROM `...', 0)
#1 C:\xampp\htdocs\poliklinik-ci4\vendor\codeigniter4\framework\system\Database\BaseConnection.php(693): CodeIgniter\Database\MySQLi\Connection->execute('SELECT *\nFROM `...')
#2 C:\xampp\htdocs\poliklinik-ci4\vendor\codeigniter4\framework\system\Database\BaseConnection.php(607): CodeIgniter\Database\BaseConnection->simpleQuery('SELECT *\nFROM `...')
#3 C:\xampp\htdocs\poliklinik-ci4\vendor\codeigniter4\framework\system\Database\BaseBuilder.php(1615): CodeIgniter\Database\BaseConnection->query('SELECT *\nFROM `...', Array, false)
#4 C:\xampp\htdocs\poliklinik-ci4\app\Models\ObatModel.php(19): CodeIgniter\Database\BaseBuilder->get()
#5 C:\xampp\htdocs\poliklinik-ci4\app\Controllers\KelolaObat.php(20): App\Models\ObatModel->getObat()
#6 C:\xampp\htdocs\poliklinik-ci4\vendor\codeigniter4\framework\system\CodeIgniter.php(942): App\Controllers\KelolaObat->index()
#7 C:\xampp\htdocs\poliklinik-ci4\vendor\codeigniter4\framework\system\CodeIgniter.php(502): CodeIgniter\CodeIgniter->runController(Object(App\Controllers\KelolaObat))
#8 C:\xampp\htdocs\poliklinik-ci4\vendor\codeigniter4\framework\system\CodeIgniter.php(361): CodeIgniter\CodeIgniter->handleRequest(NULL, Object(Config\Cache), false)
#9 C:\xampp\htdocs\poliklinik-ci4\public\index.php(79): CodeIgniter\CodeIgniter->run()
#10 C:\xampp\htdocs\poliklinik-ci4\vendor\codeigniter4\framework\system\Commands\Server\rewrite.php(47): require_once('C:\\xampp\\htdocs...')
#11 {main}
CRITICAL - 2024-06-04 00:14:42 --> Unknown column 'jenis_obat.id_jenis' in 'on clause'
in SYSTEMPATH\Database\BaseConnection.php on line 647.
 1 SYSTEMPATH\Database\BaseBuilder.php(1615): CodeIgniter\Database\BaseConnection->query('SELECT *
FROM `obat`
JOIN `jenis_obat` ON `jenis_obat`.`id_jenis` = `obat`.`id_jenis_obat`', [], false)
 2 APPPATH\Models\ObatModel.php(19): CodeIgniter\Database\BaseBuilder->get()
 3 APPPATH\Controllers\KelolaObat.php(20): App\Models\ObatModel->getObat()
 4 SYSTEMPATH\CodeIgniter.php(942): App\Controllers\KelolaObat->index()
 5 SYSTEMPATH\CodeIgniter.php(502): CodeIgniter\CodeIgniter->runController(Object(App\Controllers\KelolaObat))
 6 SYSTEMPATH\CodeIgniter.php(361): CodeIgniter\CodeIgniter->handleRequest(null, Object(Config\Cache), false)
 7 FCPATH\index.php(79): CodeIgniter\CodeIgniter->run()
 8 SYSTEMPATH\Commands\Server\rewrite.php(47): require_once('C:\\xampp\\htdocs\\poliklinik-ci4\\public\\index.php')
INFO - 2024-06-04 00:15:02 --> Session: Class initialized using 'CodeIgniter\Session\Handlers\FileHandler' driver.
ERROR - 2024-06-04 00:15:09 --> mysqli_sql_exception: Unknown column 'jenis_obat.id_jenis' in 'on clause' in C:\xampp\htdocs\poliklinik-ci4\vendor\codeigniter4\framework\system\Database\MySQLi\Connection.php:306
Stack trace:
#0 C:\xampp\htdocs\poliklinik-ci4\vendor\codeigniter4\framework\system\Database\MySQLi\Connection.php(306): mysqli->query('SELECT *\nFROM `...', 0)
#1 C:\xampp\htdocs\poliklinik-ci4\vendor\codeigniter4\framework\system\Database\BaseConnection.php(693): CodeIgniter\Database\MySQLi\Connection->execute('SELECT *\nFROM `...')
#2 C:\xampp\htdocs\poliklinik-ci4\vendor\codeigniter4\framework\system\Database\BaseConnection.php(607): CodeIgniter\Database\BaseConnection->simpleQuery('SELECT *\nFROM `...')
#3 C:\xampp\htdocs\poliklinik-ci4\vendor\codeigniter4\framework\system\Database\BaseBuilder.php(1615): CodeIgniter\Database\BaseConnection->query('SELECT *\nFROM `...', Array, false)
#4 C:\xampp\htdocs\poliklinik-ci4\app\Models\ObatKeluarModel.php(22): CodeIgniter\Database\BaseBuilder->get()
#5 C:\xampp\htdocs\poliklinik-ci4\app\Controllers\KelolaObatKeluar.php(22): App\Models\ObatKeluarModel->getObatKeluar()
#6 C:\xampp\htdocs\poliklinik-ci4\vendor\codeigniter4\framework\system\CodeIgniter.php(942): App\Controllers\KelolaObatKeluar->index()
#7 C:\xampp\htdocs\poliklinik-ci4\vendor\codeigniter4\framework\system\CodeIgniter.php(502): CodeIgniter\CodeIgniter->runController(Object(App\Controllers\KelolaObatKeluar))
#8 C:\xampp\htdocs\poliklinik-ci4\vendor\codeigniter4\framework\system\CodeIgniter.php(361): CodeIgniter\CodeIgniter->handleRequest(NULL, Object(Config\Cache), false)
#9 C:\xampp\htdocs\poliklinik-ci4\public\index.php(79): CodeIgniter\CodeIgniter->run()
#10 C:\xampp\htdocs\poliklinik-ci4\vendor\codeigniter4\framework\system\Commands\Server\rewrite.php(47): require_once('C:\\xampp\\htdocs...')
#11 {main}
CRITICAL - 2024-06-04 00:15:09 --> Unknown column 'jenis_obat.id_jenis' in 'on clause'
in SYSTEMPATH\Database\BaseConnection.php on line 647.
 1 SYSTEMPATH\Database\BaseBuilder.php(1615): CodeIgniter\Database\BaseConnection->query('SELECT *
FROM `obat_keluar`
JOIN `obat` ON `obat`.`id_obat` = `obat_keluar`.`id_obat`
JOIN `jenis_obat` ON `jenis_obat`.`id_jenis` = `obat_keluar`.`id_jenis_obat`', [], false)
 2 APPPATH\Models\ObatKeluarModel.php(22): CodeIgniter\Database\BaseBuilder->get()
 3 APPPATH\Controllers\KelolaObatKeluar.php(22): App\Models\ObatKeluarModel->getObatKeluar()
 4 SYSTEMPATH\CodeIgniter.php(942): App\Controllers\KelolaObatKeluar->index()
 5 SYSTEMPATH\CodeIgniter.php(502): CodeIgniter\CodeIgniter->runController(Object(App\Controllers\KelolaObatKeluar))
 6 SYSTEMPATH\CodeIgniter.php(361): CodeIgniter\CodeIgniter->handleRequest(null, Object(Config\Cache), false)
 7 FCPATH\index.php(79): CodeIgniter\CodeIgniter->run()
 8 SYSTEMPATH\Commands\Server\rewrite.php(47): require_once('C:\\xampp\\htdocs\\poliklinik-ci4\\public\\index.php')
ERROR - 2024-06-04 00:17:53 --> mysqli_sql_exception: Unknown column 'jenis_obat.id_jenis' in 'on clause' in C:\xampp\htdocs\poliklinik-ci4\vendor\codeigniter4\framework\system\Database\MySQLi\Connection.php:306
Stack trace:
#0 C:\xampp\htdocs\poliklinik-ci4\vendor\codeigniter4\framework\system\Database\MySQLi\Connection.php(306): mysqli->query('SELECT *\nFROM `...', 0)
#1 C:\xampp\htdocs\poliklinik-ci4\vendor\codeigniter4\framework\system\Database\BaseConnection.php(693): CodeIgniter\Database\MySQLi\Connection->execute('SELECT *\nFROM `...')
#2 C:\xampp\htdocs\poliklinik-ci4\vendor\codeigniter4\framework\system\Database\BaseConnection.php(607): CodeIgniter\Database\BaseConnection->simpleQuery('SELECT *\nFROM `...')
#3 C:\xampp\htdocs\poliklinik-ci4\vendor\codeigniter4\framework\system\Database\BaseBuilder.php(1615): CodeIgniter\Database\BaseConnection->query('SELECT *\nFROM `...', Array, false)
#4 C:\xampp\htdocs\poliklinik-ci4\app\Models\ObatKeluarModel.php(22): CodeIgniter\Database\BaseBuilder->get()
#5 C:\xampp\htdocs\poliklinik-ci4\app\Controllers\KelolaObatKeluar.php(22): App\Models\ObatKeluarModel->getObatKeluar()
#6 C:\xampp\htdocs\poliklinik-ci4\vendor\codeigniter4\framework\system\CodeIgniter.php(942): App\Controllers\KelolaObatKeluar->index()
#7 C:\xampp\htdocs\poliklinik-ci4\vendor\codeigniter4\framework\system\CodeIgniter.php(502): CodeIgniter\CodeIgniter->runController(Object(App\Controllers\KelolaObatKeluar))
#8 C:\xampp\htdocs\poliklinik-ci4\vendor\codeigniter4\framework\system\CodeIgniter.php(361): CodeIgniter\CodeIgniter->handleRequest(NULL, Object(Config\Cache), false)
#9 C:\xampp\htdocs\poliklinik-ci4\public\index.php(79): CodeIgniter\CodeIgniter->run()
#10 C:\xampp\htdocs\poliklinik-ci4\vendor\codeigniter4\framework\system\Commands\Server\rewrite.php(47): require_once('C:\\xampp\\htdocs...')
#11 {main}
CRITICAL - 2024-06-04 00:17:53 --> Unknown column 'jenis_obat.id_jenis' in 'on clause'
in SYSTEMPATH\Database\BaseConnection.php on line 647.
 1 SYSTEMPATH\Database\BaseBuilder.php(1615): CodeIgniter\Database\BaseConnection->query('SELECT *
FROM `obat_keluar`
JOIN `obat` ON `obat`.`id_obat` = `obat_keluar`.`id_obat`
JOIN `jenis_obat` ON `jenis_obat`.`id_jenis` = `obat_keluar`.`id_jenis_obat`', [], false)
 2 APPPATH\Models\ObatKeluarModel.php(22): CodeIgniter\Database\BaseBuilder->get()
 3 APPPATH\Controllers\KelolaObatKeluar.php(22): App\Models\ObatKeluarModel->getObatKeluar()
 4 SYSTEMPATH\CodeIgniter.php(942): App\Controllers\KelolaObatKeluar->index()
 5 SYSTEMPATH\CodeIgniter.php(502): CodeIgniter\CodeIgniter->runController(Object(App\Controllers\KelolaObatKeluar))
 6 SYSTEMPATH\CodeIgniter.php(361): CodeIgniter\CodeIgniter->handleRequest(null, Object(Config\Cache), false)
 7 FCPATH\index.php(79): CodeIgniter\CodeIgniter->run()
 8 SYSTEMPATH\Commands\Server\rewrite.php(47): require_once('C:\\xampp\\htdocs\\poliklinik-ci4\\public\\index.php')
ERROR - 2024-06-04 00:17:54 --> mysqli_sql_exception: Unknown column 'jenis_obat.id_jenis' in 'on clause' in C:\xampp\htdocs\poliklinik-ci4\vendor\codeigniter4\framework\system\Database\MySQLi\Connection.php:306
Stack trace:
#0 C:\xampp\htdocs\poliklinik-ci4\vendor\codeigniter4\framework\system\Database\MySQLi\Connection.php(306): mysqli->query('SELECT *\nFROM `...', 0)
#1 C:\xampp\htdocs\poliklinik-ci4\vendor\codeigniter4\framework\system\Database\BaseConnection.php(693): CodeIgniter\Database\MySQLi\Connection->execute('SELECT *\nFROM `...')
#2 C:\xampp\htdocs\poliklinik-ci4\vendor\codeigniter4\framework\system\Database\BaseConnection.php(607): CodeIgniter\Database\BaseConnection->simpleQuery('SELECT *\nFROM `...')
#3 C:\xampp\htdocs\poliklinik-ci4\vendor\codeigniter4\framework\system\Database\BaseBuilder.php(1615): CodeIgniter\Database\BaseConnection->query('SELECT *\nFROM `...', Array, false)
#4 C:\xampp\htdocs\poliklinik-ci4\app\Models\ObatKeluarModel.php(22): CodeIgniter\Database\BaseBuilder->get()
#5 C:\xampp\htdocs\poliklinik-ci4\app\Controllers\KelolaObatKeluar.php(22): App\Models\ObatKeluarModel->getObatKeluar()
#6 C:\xampp\htdocs\poliklinik-ci4\vendor\codeigniter4\framework\system\CodeIgniter.php(942): App\Controllers\KelolaObatKeluar->index()
#7 C:\xampp\htdocs\poliklinik-ci4\vendor\codeigniter4\framework\system\CodeIgniter.php(502): CodeIgniter\CodeIgniter->runController(Object(App\Controllers\KelolaObatKeluar))
#8 C:\xampp\htdocs\poliklinik-ci4\vendor\codeigniter4\framework\system\CodeIgniter.php(361): CodeIgniter\CodeIgniter->handleRequest(NULL, Object(Config\Cache), false)
#9 C:\xampp\htdocs\poliklinik-ci4\public\index.php(79): CodeIgniter\CodeIgniter->run()
#10 C:\xampp\htdocs\poliklinik-ci4\vendor\codeigniter4\framework\system\Commands\Server\rewrite.php(47): require_once('C:\\xampp\\htdocs...')
#11 {main}
CRITICAL - 2024-06-04 00:17:54 --> Unknown column 'jenis_obat.id_jenis' in 'on clause'
in SYSTEMPATH\Database\BaseConnection.php on line 647.
 1 SYSTEMPATH\Database\BaseBuilder.php(1615): CodeIgniter\Database\BaseConnection->query('SELECT *
FROM `obat_keluar`
JOIN `obat` ON `obat`.`id_obat` = `obat_keluar`.`id_obat`
JOIN `jenis_obat` ON `jenis_obat`.`id_jenis` = `obat_keluar`.`id_jenis_obat`', [], false)
 2 APPPATH\Models\ObatKeluarModel.php(22): CodeIgniter\Database\BaseBuilder->get()
 3 APPPATH\Controllers\KelolaObatKeluar.php(22): App\Models\ObatKeluarModel->getObatKeluar()
 4 SYSTEMPATH\CodeIgniter.php(942): App\Controllers\KelolaObatKeluar->index()
 5 SYSTEMPATH\CodeIgniter.php(502): CodeIgniter\CodeIgniter->runController(Object(App\Controllers\KelolaObatKeluar))
 6 SYSTEMPATH\CodeIgniter.php(361): CodeIgniter\CodeIgniter->handleRequest(null, Object(Config\Cache), false)
 7 FCPATH\index.php(79): CodeIgniter\CodeIgniter->run()
 8 SYSTEMPATH\Commands\Server\rewrite.php(47): require_once('C:\\xampp\\htdocs\\poliklinik-ci4\\public\\index.php')
INFO - 2024-06-04 00:17:56 --> Session: Class initialized using 'CodeIgniter\Session\Handlers\FileHandler' driver.
ERROR - 2024-06-04 00:17:59 --> mysqli_sql_exception: Unknown column 'jenis_obat.id_jenis' in 'on clause' in C:\xampp\htdocs\poliklinik-ci4\vendor\codeigniter4\framework\system\Database\MySQLi\Connection.php:306
Stack trace:
#0 C:\xampp\htdocs\poliklinik-ci4\vendor\codeigniter4\framework\system\Database\MySQLi\Connection.php(306): mysqli->query('SELECT *\nFROM `...', 0)
#1 C:\xampp\htdocs\poliklinik-ci4\vendor\codeigniter4\framework\system\Database\BaseConnection.php(693): CodeIgniter\Database\MySQLi\Connection->execute('SELECT *\nFROM `...')
#2 C:\xampp\htdocs\poliklinik-ci4\vendor\codeigniter4\framework\system\Database\BaseConnection.php(607): CodeIgniter\Database\BaseConnection->simpleQuery('SELECT *\nFROM `...')
#3 C:\xampp\htdocs\poliklinik-ci4\vendor\codeigniter4\framework\system\Database\BaseBuilder.php(1615): CodeIgniter\Database\BaseConnection->query('SELECT *\nFROM `...', Array, false)
#4 C:\xampp\htdocs\poliklinik-ci4\app\Models\ObatKeluarModel.php(22): CodeIgniter\Database\BaseBuilder->get()
#5 C:\xampp\htdocs\poliklinik-ci4\app\Controllers\KelolaObatKeluar.php(22): App\Models\ObatKeluarModel->getObatKeluar()
#6 C:\xampp\htdocs\poliklinik-ci4\vendor\codeigniter4\framework\system\CodeIgniter.php(942): App\Controllers\KelolaObatKeluar->index()
#7 C:\xampp\htdocs\poliklinik-ci4\vendor\codeigniter4\framework\system\CodeIgniter.php(502): CodeIgniter\CodeIgniter->runController(Object(App\Controllers\KelolaObatKeluar))
#8 C:\xampp\htdocs\poliklinik-ci4\vendor\codeigniter4\framework\system\CodeIgniter.php(361): CodeIgniter\CodeIgniter->handleRequest(NULL, Object(Config\Cache), false)
#9 C:\xampp\htdocs\poliklinik-ci4\public\index.php(79): CodeIgniter\CodeIgniter->run()
#10 C:\xampp\htdocs\poliklinik-ci4\vendor\codeigniter4\framework\system\Commands\Server\rewrite.php(47): require_once('C:\\xampp\\htdocs...')
#11 {main}
CRITICAL - 2024-06-04 00:17:59 --> Unknown column 'jenis_obat.id_jenis' in 'on clause'
in SYSTEMPATH\Database\BaseConnection.php on line 647.
 1 SYSTEMPATH\Database\BaseBuilder.php(1615): CodeIgniter\Database\BaseConnection->query('SELECT *
FROM `obat_keluar`
JOIN `obat` ON `obat`.`id_obat` = `obat_keluar`.`id_obat`
JOIN `jenis_obat` ON `jenis_obat`.`id_jenis` = `obat_keluar`.`id_jenis_obat`', [], false)
 2 APPPATH\Models\ObatKeluarModel.php(22): CodeIgniter\Database\BaseBuilder->get()
 3 APPPATH\Controllers\KelolaObatKeluar.php(22): App\Models\ObatKeluarModel->getObatKeluar()
 4 SYSTEMPATH\CodeIgniter.php(942): App\Controllers\KelolaObatKeluar->index()
 5 SYSTEMPATH\CodeIgniter.php(502): CodeIgniter\CodeIgniter->runController(Object(App\Controllers\KelolaObatKeluar))
 6 SYSTEMPATH\CodeIgniter.php(361): CodeIgniter\CodeIgniter->handleRequest(null, Object(Config\Cache), false)
 7 FCPATH\index.php(79): CodeIgniter\CodeIgniter->run()
 8 SYSTEMPATH\Commands\Server\rewrite.php(47): require_once('C:\\xampp\\htdocs\\poliklinik-ci4\\public\\index.php')
